#
# There is insufficient memory for the Java Runtime Environment to continue.
# Native memory allocation (malloc) failed to allocate 32744 bytes for ChunkPool::allocate
# Possible reasons:
#   The system is out of physical RAM or swap space
#   The process is running with CompressedOops enabled, and the Java Heap may be blocking the growth of the native heap
# Possible solutions:
#   Reduce memory load on the system
#   Increase physical memory or swap space
#   Check if swap backing store is full
#   Decrease Java heap size (-Xmx/-Xms)
#   Decrease number of Java threads
#   Decrease Java thread stack sizes (-Xss)
#   Set larger code cache with -XX:ReservedCodeCacheSize=
#   JVM is running with Unscaled Compressed Oops mode in which the Java heap is
#     placed in the first 4GB address space. The Java Heap base address is the
#     maximum limit for the native heap growth. Please use -XX:HeapBaseMinAddress
#     to set the Java Heap base and to place the Java Heap above 4GB virtual address.
# This output file may be truncated or incomplete.
#
#  Out of Memory Error (./src/hotspot/share/memory/arena.cpp:81), pid=7636, tid=8520
#
# JRE version: OpenJDK Runtime Environment (11.0.10) (build 11.0.10+0-b96-7249189)
# Java VM: OpenJDK 64-Bit Server VM (11.0.10+0-b96-7249189, mixed mode, tiered, compressed oops, g1 gc, windows-amd64)
# No core dump will be written. Minidumps are not enabled by default on client versions of Windows
#

---------------  S U M M A R Y ------------

Command Line: --add-opens=java.base/java.util=ALL-UNNAMED --add-opens=java.base/java.lang=ALL-UNNAMED --add-opens=java.base/java.lang.invoke=ALL-UNNAMED --add-opens=java.base/java.util=ALL-UNNAMED --add-opens=java.prefs/java.util.prefs=ALL-UNNAMED --add-opens=java.prefs/java.util.prefs=ALL-UNNAMED --add-opens=java.base/java.nio.charset=ALL-UNNAMED --add-opens=java.base/java.net=ALL-UNNAMED --add-opens=java.base/java.util.concurrent.atomic=ALL-UNNAMED -Xmx2048m -Dfile.encoding=UTF-8 -Duser.country=ID -Duser.language=en -Duser.variant org.gradle.launcher.daemon.bootstrap.GradleDaemon 7.0.2

Host: AMD Ryzen 5 3550H with Radeon Vega Mobile Gfx  , 8 cores, 5G,  Windows 10 , 64 bit Build 22000 (10.0.22000.318)
Time: Sun Dec 12 17:51:32 2021 SE Asia Standard Time elapsed time: 102.148975 seconds (0d 0h 1m 42s)

---------------  T H R E A D  ---------------

Current thread (0x000001c25d1ef800):  JavaThread "C2 CompilerThread0" daemon [_thread_in_native, id=8520, stack(0x0000005c22a00000,0x0000005c22b00000)]


Current CompileTask:
C2: 102149 11572       4       org.gradle.tooling.internal.adapter.ProtocolToModelAdapter$InvocationHandlerImpl::invoke (176 bytes)

Stack: [0x0000005c22a00000,0x0000005c22b00000]
Native frames: (J=compiled Java code, j=interpreted, Vv=VM code, C=native code)
V  [jvm.dll+0x5ecfaa]
V  [jvm.dll+0x722bd5]
V  [jvm.dll+0x72412d]
V  [jvm.dll+0x7247e3]
V  [jvm.dll+0x242928]
V  [jvm.dll+0xbc75b]
V  [jvm.dll+0xbca0c]
V  [jvm.dll+0xbc608]
V  [jvm.dll+0x5cc470]
V  [jvm.dll+0x61cfce]
V  [jvm.dll+0x1980d8]
V  [jvm.dll+0x1fb70e]
V  [jvm.dll+0x1fa7f4]
V  [jvm.dll+0x18354c]
V  [jvm.dll+0x208ee7]
V  [jvm.dll+0x207731]
V  [jvm.dll+0x6eb1cf]
V  [jvm.dll+0x6e3d45]
V  [jvm.dll+0x5ebe96]
C  [ucrtbase.dll+0x26c0c]
C  [KERNEL32.DLL+0x154e0]
C  [ntdll.dll+0x485b]


---------------  P R O C E S S  ---------------

Threads class SMR info:
_java_thread_list=0x000001c265e538b0, length=50, elements={
0x000001c242d6e800, 0x000001c25d1c8000, 0x000001c25d1d5000, 0x000001c25db62800,
0x000001c25d1e6000, 0x000001c25d1e7000, 0x000001c25d1ef800, 0x000001c25d1f6000,
0x000001c25d1fb800, 0x000001c25dc9f000, 0x000001c25e59b800, 0x000001c25dcbf800,
0x000001c25f509800, 0x000001c25dcbd800, 0x000001c25eb61000, 0x000001c25f39f800,
0x000001c25ed65800, 0x000001c25eb1b800, 0x000001c25e609000, 0x000001c25e606800,
0x000001c25e608000, 0x000001c25e607000, 0x000001c25e609800, 0x000001c25e605800,
0x000001c25e60a800, 0x000001c25e604800, 0x000001c25e60b000, 0x000001c25fee2800,
0x000001c25fee6800, 0x000001c25fee3000, 0x000001c25fee5000, 0x000001c25fee7800,
0x000001c25fee8000, 0x000001c25fee4000, 0x000001c25fee5800, 0x000001c25feea800,
0x000001c25feed000, 0x000001c25feee800, 0x000001c25fee9000, 0x000001c25feef800,
0x000001c25feea000, 0x000001c25fef0800, 0x000001c25fef1000, 0x000001c25feeb800,
0x000001c25e99f000, 0x000001c25e9a0800, 0x000001c25e99b000, 0x000001c25e99f800,
0x000001c25e99e000, 0x000001c25e99b800
}

Java Threads: ( => current thread )
  0x000001c242d6e800 JavaThread "main" [_thread_blocked, id=7112, stack(0x0000005c21e00000,0x0000005c21f00000)]
  0x000001c25d1c8000 JavaThread "Reference Handler" daemon [_thread_blocked, id=8200, stack(0x0000005c22500000,0x0000005c22600000)]
  0x000001c25d1d5000 JavaThread "Finalizer" daemon [_thread_blocked, id=12884, stack(0x0000005c22600000,0x0000005c22700000)]
  0x000001c25db62800 JavaThread "Signal Dispatcher" daemon [_thread_blocked, id=10760, stack(0x0000005c22700000,0x0000005c22800000)]
  0x000001c25d1e6000 JavaThread "Attach Listener" daemon [_thread_blocked, id=13468, stack(0x0000005c22800000,0x0000005c22900000)]
  0x000001c25d1e7000 JavaThread "Service Thread" daemon [_thread_blocked, id=17460, stack(0x0000005c22900000,0x0000005c22a00000)]
=>0x000001c25d1ef800 JavaThread "C2 CompilerThread0" daemon [_thread_in_native, id=8520, stack(0x0000005c22a00000,0x0000005c22b00000)]
  0x000001c25d1f6000 JavaThread "C1 CompilerThread0" daemon [_thread_blocked, id=7968, stack(0x0000005c22b00000,0x0000005c22c00000)]
  0x000001c25d1fb800 JavaThread "Sweeper thread" daemon [_thread_blocked, id=10588, stack(0x0000005c22c00000,0x0000005c22d00000)]
  0x000001c25dc9f000 JavaThread "Common-Cleaner" daemon [_thread_blocked, id=13628, stack(0x0000005c22d00000,0x0000005c22e00000)]
  0x000001c25e59b800 JavaThread "Daemon health stats" [_thread_blocked, id=18156, stack(0x0000005c23000000,0x0000005c23100000)]
  0x000001c25dcbf800 JavaThread "Incoming local TCP Connector on port 61305" [_thread_in_native, id=11260, stack(0x0000005c23100000,0x0000005c23200000)]
  0x000001c25f509800 JavaThread "Daemon periodic checks" [_thread_blocked, id=8588, stack(0x0000005c23200000,0x0000005c23300000)]
  0x000001c25dcbd800 JavaThread "Daemon" [_thread_blocked, id=15548, stack(0x0000005c23300000,0x0000005c23400000)]
  0x000001c25eb61000 JavaThread "Handler for socket connection from /127.0.0.1:61305 to /127.0.0.1:61306" [_thread_in_native, id=5476, stack(0x0000005c23400000,0x0000005c23500000)]
  0x000001c25f39f800 JavaThread "Cancel handler" [_thread_blocked, id=19204, stack(0x0000005c23500000,0x0000005c23600000)]
  0x000001c25ed65800 JavaThread "Daemon worker" [_thread_blocked, id=15888, stack(0x0000005c23600000,0x0000005c23700000)]
  0x000001c25eb1b800 JavaThread "Asynchronous log dispatcher for DefaultDaemonConnection: socket connection from /127.0.0.1:61305 to /127.0.0.1:61306" [_thread_blocked, id=10540, stack(0x0000005c23700000,0x0000005c23800000)]
  0x000001c25e609000 JavaThread "Daemon client event forwarder" [_thread_blocked, id=1932, stack(0x0000005c23900000,0x0000005c23a00000)]
  0x000001c25e606800 JavaThread "Cache worker for file hash cache (C:\Users\Theo Aditya\.gradle\caches\7.0.2\fileHashes)" [_thread_blocked, id=16736, stack(0x0000005c23a00000,0x0000005c23b00000)]
  0x000001c25e608000 JavaThread "File lock request listener" [_thread_in_native, id=19640, stack(0x0000005c23b00000,0x0000005c23c00000)]
  0x000001c25e607000 JavaThread "Cache worker for journal cache (C:\Users\Theo Aditya\.gradle\caches\journal-1)" [_thread_blocked, id=1640, stack(0x0000005c24300000,0x0000005c24400000)]
  0x000001c25e609800 JavaThread "Cache worker for file hash cache (C:\Users\Theo Aditya\AndroidStudioProjects\GambarInternet\.gradle\7.0.2\fileHashes)" [_thread_blocked, id=1644, stack(0x0000005c24400000,0x0000005c24500000)]
  0x000001c25e605800 JavaThread "File watcher server" daemon [_thread_in_native, id=20432, stack(0x0000005c24500000,0x0000005c24600000)]
  0x000001c25e60a800 JavaThread "File watcher consumer" daemon [_thread_blocked, id=15876, stack(0x0000005c24600000,0x0000005c24700000)]
  0x000001c25e604800 JavaThread "jar transforms" [_thread_blocked, id=464, stack(0x0000005c24700000,0x0000005c24800000)]
  0x000001c25e60b000 JavaThread "jar transforms Thread 2" [_thread_blocked, id=10832, stack(0x0000005c24800000,0x0000005c24900000)]
  0x000001c25fee2800 JavaThread "jar transforms Thread 3" [_thread_blocked, id=4784, stack(0x0000005c24900000,0x0000005c24a00000)]
  0x000001c25fee6800 JavaThread "jar transforms Thread 4" [_thread_blocked, id=12400, stack(0x0000005c24a00000,0x0000005c24b00000)]
  0x000001c25fee3000 JavaThread "jar transforms Thread 5" [_thread_blocked, id=18168, stack(0x0000005c24b00000,0x0000005c24c00000)]
  0x000001c25fee5000 JavaThread "jar transforms Thread 6" [_thread_blocked, id=10928, stack(0x0000005c24c00000,0x0000005c24d00000)]
  0x000001c25fee7800 JavaThread "jar transforms Thread 7" [_thread_blocked, id=10384, stack(0x0000005c24d00000,0x0000005c24e00000)]
  0x000001c25fee8000 JavaThread "jar transforms Thread 8" [_thread_blocked, id=16040, stack(0x0000005c24e00000,0x0000005c24f00000)]
  0x000001c25fee4000 JavaThread "Cache worker for checksums cache (C:\Users\Theo Aditya\AndroidStudioProjects\GambarInternet\.gradle\checksums)" [_thread_blocked, id=17852, stack(0x0000005c24f00000,0x0000005c25000000)]
  0x000001c25fee5800 JavaThread "Cache worker for cache directory md-supplier (C:\Users\Theo Aditya\.gradle\caches\7.0.2\md-supplier)" [_thread_blocked, id=19172, stack(0x0000005c25000000,0x0000005c25100000)]
  0x000001c25feea800 JavaThread "Cache worker for cache directory md-rule (C:\Users\Theo Aditya\.gradle\caches\7.0.2\md-rule)" [_thread_blocked, id=13916, stack(0x0000005c25100000,0x0000005c25200000)]
  0x000001c25feed000 JavaThread "Cache worker for execution history cache (C:\Users\Theo Aditya\.gradle\caches\7.0.2\executionHistory)" [_thread_blocked, id=11744, stack(0x0000005c25200000,0x0000005c25300000)]
  0x000001c25feee800 JavaThread "Cache worker for file content cache (C:\Users\Theo Aditya\.gradle\caches\7.0.2\fileContent)" [_thread_blocked, id=12588, stack(0x0000005c25300000,0x0000005c25400000)]
  0x000001c25fee9000 JavaThread "Cache worker for dependencies-accessors (C:\Users\Theo Aditya\AndroidStudioProjects\GambarInternet\.gradle\7.0.2\dependencies-accessors)" [_thread_blocked, id=15780, stack(0x0000005c25400000,0x0000005c25500000)]
  0x000001c25feef800 JavaThread "Cache worker for Build Output Cleanup Cache (C:\Users\Theo Aditya\AndroidStudioProjects\GambarInternet\.gradle\buildOutputCleanup)" [_thread_blocked, id=7340, stack(0x0000005c25500000,0x0000005c25600000)]
  0x000001c25feea000 JavaThread "Build operations" [_thread_blocked, id=19164, stack(0x0000005c25600000,0x0000005c25700000)]
  0x000001c25fef0800 JavaThread "Build operations Thread 2" [_thread_blocked, id=18648, stack(0x0000005c25700000,0x0000005c25800000)]
  0x000001c25fef1000 JavaThread "Build operations Thread 3" [_thread_blocked, id=16236, stack(0x0000005c25800000,0x0000005c25900000)]
  0x000001c25feeb800 JavaThread "Build operations Thread 4" [_thread_blocked, id=3660, stack(0x0000005c25900000,0x0000005c25a00000)]
  0x000001c25e99f000 JavaThread "Build operations Thread 5" [_thread_blocked, id=7888, stack(0x0000005c25a00000,0x0000005c25b00000)]
  0x000001c25e9a0800 JavaThread "Build operations Thread 6" [_thread_blocked, id=18072, stack(0x0000005c25b00000,0x0000005c25c00000)]
  0x000001c25e99b000 JavaThread "Build operations Thread 7" [_thread_blocked, id=11184, stack(0x0000005c25c00000,0x0000005c25d00000)]
  0x000001c25e99f800 JavaThread "Build operations Thread 8" [_thread_blocked, id=2140, stack(0x0000005c25d00000,0x0000005c25e00000)]
  0x000001c25e99e000 JavaThread "Memory manager" [_thread_blocked, id=12824, stack(0x0000005c26000000,0x0000005c26100000)]
  0x000001c25e99b800 JavaThread "pool-3-thread-1" [_thread_blocked, id=4280, stack(0x0000005c21b00000,0x0000005c21c00000)]

Other Threads:
  0x000001c25d1c6800 VMThread "VM Thread" [stack: 0x0000005c22400000,0x0000005c22500000] [id=10224] _threads_hazard_ptr=0x000001c265e538b0
  0x000001c25dcc4800 WatcherThread [stack: 0x0000005c22e00000,0x0000005c22f00000] [id=7456]
  0x000001c242d86800 GCTaskThread "GC Thread#0" [stack: 0x0000005c21f00000,0x0000005c22000000] [id=19048]
  0x000001c25e62f800 GCTaskThread "GC Thread#1" [stack: 0x0000005c22f00000,0x0000005c23000000] [id=17028]
  0x000001c25fb33000 GCTaskThread "GC Thread#2" [stack: 0x0000005c23c00000,0x0000005c23d00000] [id=8476]
  0x000001c25eaea000 GCTaskThread "GC Thread#3" [stack: 0x0000005c23d00000,0x0000005c23e00000] [id=13748]
  0x000001c25deb4000 GCTaskThread "GC Thread#4" [stack: 0x0000005c23e00000,0x0000005c23f00000] [id=2792]
  0x000001c25dea5000 GCTaskThread "GC Thread#5" [stack: 0x0000005c23f00000,0x0000005c24000000] [id=5860]
  0x000001c25dea5800 GCTaskThread "GC Thread#6" [stack: 0x0000005c24000000,0x0000005c24100000] [id=7816]
  0x000001c25ec06800 GCTaskThread "GC Thread#7" [stack: 0x0000005c24100000,0x0000005c24200000] [id=6112]
  0x000001c242dbb000 ConcurrentGCThread "G1 Main Marker" [stack: 0x0000005c22000000,0x0000005c22100000] [id=14632]
  0x000001c242dbc000 ConcurrentGCThread "G1 Conc#0" [stack: 0x0000005c22100000,0x0000005c22200000] [id=6824]
  0x000001c25ee24800 ConcurrentGCThread "G1 Conc#1" [stack: 0x0000005c24200000,0x0000005c24300000] [id=10200]
  0x000001c242e44800 ConcurrentGCThread "G1 Refine#0" [stack: 0x0000005c22200000,0x0000005c22300000] [id=8752]
  0x000001c242e45800 ConcurrentGCThread "G1 Young RemSet Sampling" [stack: 0x0000005c22300000,0x0000005c22400000] [id=19452]

Threads with active compile tasks:
C2 CompilerThread0 102323 11572       4       org.gradle.tooling.internal.adapter.ProtocolToModelAdapter$InvocationHandlerImpl::invoke (176 bytes)

VM state:at safepoint (normal execution)

VM Mutex/Monitor currently owned by a thread:  ([mutex/lock_event])
[0x000001c242d6a700] Threads_lock - owner thread: 0x000001c25d1c6800

Heap address: 0x0000000080000000, size: 2048 MB, Compressed Oops mode: 32-bit
Narrow klass base: 0x0000000000000000, Narrow klass shift: 3
Compressed class space size: 1073741824 Address: 0x0000000100000000

Heap:
 garbage-first heap   total 121856K, used 119018K [0x0000000080000000, 0x0000000100000000)
  region size 1024K, 5 young (5120K), 1 survivors (1024K)
 Metaspace       used 100163K, capacity 102735K, committed 103040K, reserved 1138688K
  class space    used 12687K, capacity 13618K, committed 13696K, reserved 1048576K
Heap Regions: E=young(eden), S=young(survivor), O=old, HS=humongous(starts), HC=humongous(continues), CS=collection set, F=free, A=archive, TAMS=top-at-mark-start (previous, next)
|   0|0x0000000080000000, 0x0000000080100000, 0x0000000080100000|100%| O|  |TAMS 0x0000000080100000, 0x0000000080000000| Updating 
|   1|0x0000000080100000, 0x0000000080200000, 0x0000000080200000|100%| O|  |TAMS 0x0000000080200000, 0x0000000080100000| Updating 
|   2|0x0000000080200000, 0x0000000080300000, 0x0000000080300000|100%| O|  |TAMS 0x0000000080300000, 0x0000000080200000| Updating 
|   3|0x0000000080300000, 0x0000000080400000, 0x0000000080400000|100%|HS|  |TAMS 0x0000000080400000, 0x0000000080300000| Complete 
|   4|0x0000000080400000, 0x0000000080500000, 0x0000000080500000|100%|HC|  |TAMS 0x0000000080500000, 0x0000000080400000| Complete 
|   5|0x0000000080500000, 0x0000000080600000, 0x0000000080600000|100%|HC|  |TAMS 0x0000000080600000, 0x0000000080500000| Complete 
|   6|0x0000000080600000, 0x0000000080700000, 0x0000000080700000|100%| O|  |TAMS 0x0000000080700000, 0x0000000080600000| Updating 
|   7|0x0000000080700000, 0x0000000080800000, 0x0000000080800000|100%| O|  |TAMS 0x0000000080800000, 0x0000000080700000| Updating 
|   8|0x0000000080800000, 0x0000000080900000, 0x0000000080900000|100%| O|  |TAMS 0x0000000080900000, 0x0000000080800000| Updating 
|   9|0x0000000080900000, 0x0000000080a00000, 0x0000000080a00000|100%| O|  |TAMS 0x0000000080a00000, 0x0000000080900000| Updating 
|  10|0x0000000080a00000, 0x0000000080b00000, 0x0000000080b00000|100%| O|  |TAMS 0x0000000080b00000, 0x0000000080a00000| Updating 
|  11|0x0000000080b00000, 0x0000000080c00000, 0x0000000080c00000|100%| O|  |TAMS 0x0000000080c00000, 0x0000000080b00000| Updating 
|  12|0x0000000080c00000, 0x0000000080d00000, 0x0000000080d00000|100%| O|  |TAMS 0x0000000080d00000, 0x0000000080c00000| Updating 
|  13|0x0000000080d00000, 0x0000000080e00000, 0x0000000080e00000|100%| O|  |TAMS 0x0000000080e00000, 0x0000000080d00000| Updating 
|  14|0x0000000080e00000, 0x0000000080f00000, 0x0000000080f00000|100%| O|  |TAMS 0x0000000080f00000, 0x0000000080e00000| Updating 
|  15|0x0000000080f00000, 0x0000000081000000, 0x0000000081000000|100%|HS|  |TAMS 0x0000000081000000, 0x0000000080f00000| Complete 
|  16|0x0000000081000000, 0x0000000081100000, 0x0000000081100000|100%|HC|  |TAMS 0x0000000081100000, 0x0000000081000000| Complete 
|  17|0x0000000081100000, 0x0000000081200000, 0x0000000081200000|100%|HS|  |TAMS 0x0000000081200000, 0x0000000081100000| Complete 
|  18|0x0000000081200000, 0x0000000081300000, 0x0000000081300000|100%|HC|  |TAMS 0x0000000081300000, 0x0000000081200000| Complete 
|  19|0x0000000081300000, 0x0000000081400000, 0x0000000081400000|100%|HC|  |TAMS 0x0000000081400000, 0x0000000081300000| Complete 
|  20|0x0000000081400000, 0x0000000081500000, 0x0000000081500000|100%|HS|  |TAMS 0x0000000081500000, 0x0000000081400000| Complete 
|  21|0x0000000081500000, 0x0000000081600000, 0x0000000081600000|100%|HC|  |TAMS 0x0000000081600000, 0x0000000081500000| Complete 
|  22|0x0000000081600000, 0x0000000081700000, 0x0000000081700000|100%|HC|  |TAMS 0x0000000081700000, 0x0000000081600000| Complete 
|  23|0x0000000081700000, 0x0000000081800000, 0x0000000081800000|100%|HC|  |TAMS 0x0000000081800000, 0x0000000081700000| Complete 
|  24|0x0000000081800000, 0x0000000081900000, 0x0000000081900000|100%|HC|  |TAMS 0x0000000081900000, 0x0000000081800000| Complete 
|  25|0x0000000081900000, 0x0000000081a00000, 0x0000000081a00000|100%| O|  |TAMS 0x0000000081a00000, 0x0000000081900000| Updating 
|  26|0x0000000081a00000, 0x0000000081b00000, 0x0000000081b00000|100%| O|  |TAMS 0x0000000081b00000, 0x0000000081a00000| Updating 
|  27|0x0000000081b00000, 0x0000000081c00000, 0x0000000081c00000|100%| O|  |TAMS 0x0000000081c00000, 0x0000000081b00000| Updating 
|  28|0x0000000081c00000, 0x0000000081d00000, 0x0000000081d00000|100%| O|  |TAMS 0x0000000081d00000, 0x0000000081c00000| Updating 
|  29|0x0000000081d00000, 0x0000000081e00000, 0x0000000081e00000|100%| O|  |TAMS 0x0000000081e00000, 0x0000000081d00000| Updating 
|  30|0x0000000081e00000, 0x0000000081f00000, 0x0000000081f00000|100%| O|  |TAMS 0x0000000081f00000, 0x0000000081e00000| Updating 
|  31|0x0000000081f00000, 0x0000000082000000, 0x0000000082000000|100%| O|  |TAMS 0x0000000082000000, 0x0000000081f00000| Updating 
|  32|0x0000000082000000, 0x0000000082100000, 0x0000000082100000|100%| O|  |TAMS 0x0000000082100000, 0x0000000082000000| Updating 
|  33|0x0000000082100000, 0x0000000082200000, 0x0000000082200000|100%|HS|  |TAMS 0x0000000082200000, 0x0000000082100000| Complete 
|  34|0x0000000082200000, 0x0000000082300000, 0x0000000082300000|100%|HC|  |TAMS 0x0000000082300000, 0x0000000082200000| Complete 
|  35|0x0000000082300000, 0x0000000082400000, 0x0000000082400000|100%|HC|  |TAMS 0x0000000082400000, 0x0000000082300000| Complete 
|  36|0x0000000082400000, 0x0000000082500000, 0x0000000082500000|100%| O|  |TAMS 0x0000000082500000, 0x0000000082400000| Updating 
|  37|0x0000000082500000, 0x0000000082600000, 0x0000000082600000|100%| O|  |TAMS 0x0000000082600000, 0x0000000082500000| Updating 
|  38|0x0000000082600000, 0x0000000082700000, 0x0000000082700000|100%|HS|  |TAMS 0x0000000082700000, 0x0000000082600000| Complete 
|  39|0x0000000082700000, 0x0000000082800000, 0x0000000082800000|100%|HC|  |TAMS 0x0000000082800000, 0x0000000082700000| Complete 
|  40|0x0000000082800000, 0x0000000082900000, 0x0000000082900000|100%|HC|  |TAMS 0x0000000082900000, 0x0000000082800000| Complete 
|  41|0x0000000082900000, 0x0000000082a00000, 0x0000000082a00000|100%|HC|  |TAMS 0x0000000082a00000, 0x0000000082900000| Complete 
|  42|0x0000000082a00000, 0x0000000082b00000, 0x0000000082b00000|100%|HC|  |TAMS 0x0000000082b00000, 0x0000000082a00000| Complete 
|  43|0x0000000082b00000, 0x0000000082c00000, 0x0000000082c00000|100%| O|  |TAMS 0x0000000082c00000, 0x0000000082b00000| Updating 
|  44|0x0000000082c00000, 0x0000000082d00000, 0x0000000082d00000|100%| O|  |TAMS 0x0000000082d00000, 0x0000000082c00000| Updating 
|  45|0x0000000082d00000, 0x0000000082e00000, 0x0000000082e00000|100%| O|  |TAMS 0x0000000082e00000, 0x0000000082d00000| Updating 
|  46|0x0000000082e00000, 0x0000000082f00000, 0x0000000082f00000|100%| O|  |TAMS 0x0000000082f00000, 0x0000000082e00000| Updating 
|  47|0x0000000082f00000, 0x0000000083000000, 0x0000000083000000|100%| O|  |TAMS 0x0000000083000000, 0x0000000082f00000| Updating 
|  48|0x0000000083000000, 0x0000000083100000, 0x0000000083100000|100%| O|  |TAMS 0x0000000083100000, 0x0000000083000000| Updating 
|  49|0x0000000083100000, 0x0000000083200000, 0x0000000083200000|100%| O|  |TAMS 0x0000000083200000, 0x0000000083100000| Updating 
|  50|0x0000000083200000, 0x0000000083300000, 0x0000000083300000|100%| O|  |TAMS 0x0000000083300000, 0x0000000083200000| Updating 
|  51|0x0000000083300000, 0x0000000083400000, 0x0000000083400000|100%| O|  |TAMS 0x0000000083400000, 0x0000000083300000| Updating 
|  52|0x0000000083400000, 0x0000000083500000, 0x0000000083500000|100%| O|  |TAMS 0x0000000083500000, 0x0000000083400000| Updating 
|  53|0x0000000083500000, 0x0000000083600000, 0x0000000083600000|100%| O|  |TAMS 0x0000000083600000, 0x0000000083500000| Updating 
|  54|0x0000000083600000, 0x0000000083700000, 0x0000000083700000|100%| O|  |TAMS 0x0000000083700000, 0x0000000083600000| Updating 
|  55|0x0000000083700000, 0x0000000083800000, 0x0000000083800000|100%| O|  |TAMS 0x0000000083800000, 0x0000000083700000| Updating 
|  56|0x0000000083800000, 0x0000000083900000, 0x0000000083900000|100%|HS|  |TAMS 0x0000000083900000, 0x0000000083800000| Complete 
|  57|0x0000000083900000, 0x0000000083a00000, 0x0000000083a00000|100%|HS|  |TAMS 0x0000000083a00000, 0x0000000083900000| Complete 
|  58|0x0000000083a00000, 0x0000000083b00000, 0x0000000083b00000|100%| O|  |TAMS 0x0000000083b00000, 0x0000000083a00000| Updating 
|  59|0x0000000083b00000, 0x0000000083c00000, 0x0000000083c00000|100%|HS|  |TAMS 0x0000000083c00000, 0x0000000083b00000| Complete 
|  60|0x0000000083c00000, 0x0000000083d00000, 0x0000000083d00000|100%| O|  |TAMS 0x0000000083d00000, 0x0000000083c00000| Updating 
|  61|0x0000000083d00000, 0x0000000083e00000, 0x0000000083e00000|100%|HS|  |TAMS 0x0000000083e00000, 0x0000000083d00000| Complete 
|  62|0x0000000083e00000, 0x0000000083f00000, 0x0000000083f00000|100%|HC|  |TAMS 0x0000000083f00000, 0x0000000083e00000| Complete 
|  63|0x0000000083f00000, 0x0000000084000000, 0x0000000084000000|100%|HC|  |TAMS 0x0000000084000000, 0x0000000083f00000| Complete 
|  64|0x0000000084000000, 0x0000000084100000, 0x0000000084100000|100%| O|  |TAMS 0x0000000084100000, 0x0000000084000000| Updating 
|  65|0x0000000084100000, 0x0000000084200000, 0x0000000084200000|100%| O|  |TAMS 0x0000000084200000, 0x0000000084100000| Updating 
|  66|0x0000000084200000, 0x0000000084300000, 0x0000000084300000|100%| O|  |TAMS 0x0000000084300000, 0x0000000084200000| Updating 
|  67|0x0000000084300000, 0x0000000084400000, 0x0000000084400000|100%|HS|  |TAMS 0x0000000084400000, 0x0000000084300000| Complete 
|  68|0x0000000084400000, 0x0000000084500000, 0x0000000084500000|100%|HC|  |TAMS 0x0000000084500000, 0x0000000084400000| Complete 
|  69|0x0000000084500000, 0x0000000084600000, 0x0000000084600000|100%| O|  |TAMS 0x0000000084600000, 0x0000000084500000| Updating 
|  70|0x0000000084600000, 0x0000000084700000, 0x0000000084700000|100%| O|  |TAMS 0x0000000084700000, 0x0000000084600000| Updating 
|  71|0x0000000084700000, 0x0000000084800000, 0x0000000084800000|100%| O|  |TAMS 0x0000000084800000, 0x0000000084700000| Updating 
|  72|0x0000000084800000, 0x0000000084900000, 0x0000000084900000|100%| O|  |TAMS 0x0000000084900000, 0x0000000084800000| Updating 
|  73|0x0000000084900000, 0x0000000084a00000, 0x0000000084a00000|100%| O|  |TAMS 0x0000000084a00000, 0x0000000084900000| Updating 
|  74|0x0000000084a00000, 0x0000000084b00000, 0x0000000084b00000|100%| O|  |TAMS 0x0000000084b00000, 0x0000000084a00000| Updating 
|  75|0x0000000084b00000, 0x0000000084c00000, 0x0000000084c00000|100%| O|  |TAMS 0x0000000084c00000, 0x0000000084b00000| Updating 
|  76|0x0000000084c00000, 0x0000000084d00000, 0x0000000084d00000|100%| O|  |TAMS 0x0000000084d00000, 0x0000000084c00000| Updating 
|  77|0x0000000084d00000, 0x0000000084e00000, 0x0000000084e00000|100%| O|  |TAMS 0x0000000084e00000, 0x0000000084d00000| Updating 
|  78|0x0000000084e00000, 0x0000000084f00000, 0x0000000084f00000|100%| O|  |TAMS 0x0000000084f00000, 0x0000000084e00000| Updating 
|  79|0x0000000084f00000, 0x0000000085000000, 0x0000000085000000|100%| O|  |TAMS 0x0000000085000000, 0x0000000084f00000| Updating 
|  80|0x0000000085000000, 0x0000000085100000, 0x0000000085100000|100%| O|  |TAMS 0x0000000085100000, 0x0000000085000000| Updating 
|  81|0x0000000085100000, 0x0000000085200000, 0x0000000085200000|100%| O|  |TAMS 0x0000000085200000, 0x0000000085100000| Updating 
|  82|0x0000000085200000, 0x0000000085300000, 0x0000000085300000|100%| O|  |TAMS 0x0000000085300000, 0x0000000085200000| Updating 
|  83|0x0000000085300000, 0x0000000085400000, 0x0000000085400000|100%| O|  |TAMS 0x0000000085400000, 0x0000000085300000| Updating 
|  84|0x0000000085400000, 0x0000000085500000, 0x0000000085500000|100%| O|  |TAMS 0x0000000085500000, 0x0000000085400000| Updating 
|  85|0x0000000085500000, 0x0000000085600000, 0x0000000085600000|100%| O|  |TAMS 0x0000000085600000, 0x0000000085500000| Updating 
|  86|0x0000000085600000, 0x0000000085700000, 0x0000000085700000|100%| O|  |TAMS 0x0000000085700000, 0x0000000085600000| Updating 
|  87|0x0000000085700000, 0x0000000085800000, 0x0000000085800000|100%| O|  |TAMS 0x0000000085800000, 0x0000000085700000| Updating 
|  88|0x0000000085800000, 0x0000000085900000, 0x0000000085900000|100%| O|  |TAMS 0x0000000085900000, 0x0000000085800000| Updating 
|  89|0x0000000085900000, 0x0000000085a00000, 0x0000000085a00000|100%| O|  |TAMS 0x0000000085a00000, 0x0000000085900000| Updating 
|  90|0x0000000085a00000, 0x0000000085b00000, 0x0000000085b00000|100%| O|  |TAMS 0x0000000085b00000, 0x0000000085a00000| Updating 
|  91|0x0000000085b00000, 0x0000000085c00000, 0x0000000085c00000|100%| O|  |TAMS 0x0000000085c00000, 0x0000000085b00000| Updating 
|  92|0x0000000085c00000, 0x0000000085d00000, 0x0000000085d00000|100%| O|  |TAMS 0x0000000085d00000, 0x0000000085c00000| Updating 
|  93|0x0000000085d00000, 0x0000000085e00000, 0x0000000085e00000|100%| O|  |TAMS 0x0000000085e00000, 0x0000000085d00000| Updating 
|  94|0x0000000085e00000, 0x0000000085f00000, 0x0000000085f00000|100%| O|  |TAMS 0x0000000085f00000, 0x0000000085e00000| Updating 
|  95|0x0000000085f00000, 0x0000000086000000, 0x0000000086000000|100%| O|  |TAMS 0x0000000086000000, 0x0000000085f00000| Updating 
|  96|0x0000000086000000, 0x0000000086100000, 0x0000000086100000|100%| O|  |TAMS 0x0000000086100000, 0x0000000086000000| Updating 
|  97|0x0000000086100000, 0x0000000086200000, 0x0000000086200000|100%| O|  |TAMS 0x0000000086200000, 0x0000000086100000| Updating 
|  98|0x0000000086200000, 0x0000000086300000, 0x0000000086300000|100%| O|  |TAMS 0x0000000086300000, 0x0000000086200000| Updating 
|  99|0x0000000086300000, 0x0000000086400000, 0x0000000086400000|100%| O|  |TAMS 0x0000000086400000, 0x0000000086300000| Updating 
| 100|0x0000000086400000, 0x0000000086500000, 0x0000000086500000|100%| O|  |TAMS 0x0000000086500000, 0x0000000086400000| Updating 
| 101|0x0000000086500000, 0x0000000086600000, 0x0000000086600000|100%| O|  |TAMS 0x0000000086600000, 0x0000000086500000| Updating 
| 102|0x0000000086600000, 0x0000000086700000, 0x0000000086700000|100%| O|  |TAMS 0x0000000086700000, 0x0000000086600000| Updating 
| 103|0x0000000086700000, 0x0000000086800000, 0x0000000086800000|100%| O|  |TAMS 0x0000000086800000, 0x0000000086700000| Updating 
| 104|0x0000000086800000, 0x0000000086900000, 0x0000000086900000|100%| O|  |TAMS 0x0000000086900000, 0x0000000086800000| Updating 
| 105|0x0000000086900000, 0x0000000086a00000, 0x0000000086a00000|100%| O|  |TAMS 0x0000000086a00000, 0x0000000086900000| Updating 
| 106|0x0000000086a00000, 0x0000000086b00000, 0x0000000086b00000|100%| O|  |TAMS 0x0000000086b00000, 0x0000000086a00000| Updating 
| 107|0x0000000086b00000, 0x0000000086c00000, 0x0000000086c00000|100%| O|  |TAMS 0x0000000086c00000, 0x0000000086b00000| Updating 
| 108|0x0000000086c00000, 0x0000000086d00000, 0x0000000086d00000|100%| O|  |TAMS 0x0000000086d00000, 0x0000000086c00000| Updating 
| 109|0x0000000086d00000, 0x0000000086e00000, 0x0000000086e00000|100%| O|  |TAMS 0x0000000086e00000, 0x0000000086d00000| Updating 
| 110|0x0000000086e00000, 0x0000000086e79848, 0x0000000086f00000| 47%| S|CS|TAMS 0x0000000086e00000, 0x0000000086e00000| Complete 
| 111|0x0000000086f00000, 0x0000000086f00000, 0x0000000087000000|  0%| F|  |TAMS 0x0000000086f00000, 0x0000000086f00000| Untracked 
| 112|0x0000000087000000, 0x000000008703d728, 0x0000000087100000| 24%| E|  |TAMS 0x0000000087000000, 0x0000000087000000| Complete 
| 113|0x0000000087100000, 0x0000000087200000, 0x0000000087200000|100%| E|CS|TAMS 0x0000000087100000, 0x0000000087100000| Complete 
| 114|0x0000000087200000, 0x0000000087300000, 0x0000000087300000|100%| E|CS|TAMS 0x0000000087200000, 0x0000000087200000| Complete 
| 115|0x0000000087300000, 0x0000000087400000, 0x0000000087400000|100%| E|CS|TAMS 0x0000000087300000, 0x0000000087300000| Complete 
| 116|0x0000000087400000, 0x0000000087500000, 0x0000000087500000|100%| O|  |TAMS 0x0000000087500000, 0x0000000087400000| Updating 
| 117|0x0000000087500000, 0x0000000087600000, 0x0000000087600000|100%| O|  |TAMS 0x0000000087600000, 0x0000000087500000| Updating 
| 118|0x0000000087600000, 0x00000000876c1000, 0x0000000087700000| 75%| O|  |TAMS 0x00000000876c1000, 0x0000000087600000| Updating 

Card table byte_map: [0x000001c255f90000,0x000001c256390000] _byte_map_base: 0x000001c255b90000

Marking Bits (Prev, Next): (CMBitMap*) 0x000001c242db25c0, (CMBitMap*) 0x000001c242db2588
 Prev Bits: [0x000001c258790000, 0x000001c25a790000)
 Next Bits: [0x000001c256790000, 0x000001c258790000)

Polling page: 0x000001c240cb0000

Metaspace:

Usage:
  Non-class:     87.03 MB capacity,    85.43 MB ( 98%) used,     1.33 MB (  2%) free+waste,   278.75 KB ( <1%) overhead. 
      Class:     13.30 MB capacity,    12.39 MB ( 93%) used,   802.17 KB (  6%) free+waste,   127.88 KB ( <1%) overhead. 
       Both:    100.33 MB capacity,    97.82 MB ( 97%) used,     2.11 MB (  2%) free+waste,   406.63 KB ( <1%) overhead. 

Virtual space:
  Non-class space:       88.00 MB reserved,      87.25 MB (>99%) committed 
      Class space:        1.00 GB reserved,      13.38 MB (  1%) committed 
             Both:        1.09 GB reserved,     100.63 MB (  9%) committed 

Chunk freelists:
   Non-Class:  3.00 KB
       Class:  0 bytes
        Both:  3.00 KB

MaxMetaspaceSize: 17179869184.00 GB
CompressedClassSpaceSize: 1.00 GB

CodeHeap 'non-profiled nmethods': size=120000Kb used=7202Kb max_used=7202Kb free=112797Kb
 bounds [0x000001c24e330000, 0x000001c24ea40000, 0x000001c255860000]
CodeHeap 'profiled nmethods': size=120000Kb used=26427Kb max_used=26427Kb free=93573Kb
 bounds [0x000001c246e00000, 0x000001c2487d0000, 0x000001c24e330000]
CodeHeap 'non-nmethods': size=5760Kb used=2308Kb max_used=2334Kb free=3451Kb
 bounds [0x000001c246860000, 0x000001c246ad0000, 0x000001c246e00000]
 total_blobs=12615 nmethods=11701 adapters=825
 compilation: enabled
              stopped_count=0, restarted_count=0
 full_count=0

Compilation events (20 events):
Event: 102.031 Thread 0x000001c25d1f6000 11757   !   2       java.io.ObjectOutputStream::defaultWriteFields (284 bytes)
Event: 102.033 Thread 0x000001c25d1f6000 nmethod 11757 0x000001c2487baa90 code [0x000001c2487bace0, 0x000001c2487bb438]
Event: 102.033 Thread 0x000001c25d1f6000 11759       2       java.io.ObjectStreamClass$WeakClassKey::equals (42 bytes)
Event: 102.033 Thread 0x000001c25d1f6000 nmethod 11759 0x000001c2487bb990 code [0x000001c2487bbb40, 0x000001c2487bbd58]
Event: 102.033 Thread 0x000001c25d1f6000 11760       2       java.io.ObjectOutputStream$BlockDataOutputStream::writeUTF (46 bytes)
Event: 102.033 Thread 0x000001c25d1f6000 nmethod 11760 0x000001c2487bbe10 code [0x000001c2487bc000, 0x000001c2487bc278]
Event: 102.033 Thread 0x000001c25d1f6000 11758       2       java.io.ObjectStreamClass::checkDefaultSerialize (20 bytes)
Event: 102.034 Thread 0x000001c25d1f6000 nmethod 11758 0x000001c2487bc410 code [0x000001c2487bc5e0, 0x000001c2487bc838]
Event: 102.034 Thread 0x000001c25d1f6000 11761       1       org.gradle.internal.serialize.ExceptionReplacingObjectOutputStream::getObjectTransformer (5 bytes)
Event: 102.034 Thread 0x000001c25d1f6000 nmethod 11761 0x000001c24ea38610 code [0x000001c24ea387c0, 0x000001c24ea38878]
Event: 102.034 Thread 0x000001c25d1f6000 11762   !   2       java.lang.Class::newInstance (160 bytes)
Event: 102.035 Thread 0x000001c25d1f6000 nmethod 11762 0x000001c2487bc990 code [0x000001c2487bcca0, 0x000001c2487bd808]
Event: 102.036 Thread 0x000001c25d1f6000 11763   !   2       com.google.common.cache.LocalCache$Segment::runLockedCleanup (39 bytes)
Event: 102.037 Thread 0x000001c25d1f6000 nmethod 11763 0x000001c2487bdf90 code [0x000001c2487be1a0, 0x000001c2487be458]
Event: 102.037 Thread 0x000001c25d1f6000 11764       2       com.google.common.cache.LocalCache$Segment::expireEntries (113 bytes)
Event: 102.038 Thread 0x000001c25d1f6000 nmethod 11764 0x000001c2487be790 code [0x000001c2487bea00, 0x000001c2487befc8]
Event: 102.038 Thread 0x000001c25d1f6000 11765   !   2       java.io.ObjectOutputStream::writeObject (38 bytes)
Event: 102.038 Thread 0x000001c25d1f6000 nmethod 11765 0x000001c2487bf310 code [0x000001c2487bf4e0, 0x000001c2487bf678]
Event: 102.038 Thread 0x000001c25d1f6000 11766       2       java.io.ObjectOutputStream::writeClassDesc (60 bytes)
Event: 102.038 Thread 0x000001c25d1f6000 nmethod 11766 0x000001c2487bf790 code [0x000001c2487bf9a0, 0x000001c2487bfce8]

GC Heap History (20 events):
Event: 100.624 GC heap before
{Heap before GC invocations=199 (full 0):
 garbage-first heap   total 119808K, used 117216K [0x0000000080000000, 0x0000000100000000)
  region size 1024K, 5 young (5120K), 1 survivors (1024K)
 Metaspace       used 97959K, capacity 100481K, committed 100608K, reserved 1136640K
  class space    used 12398K, capacity 13301K, committed 13312K, reserved 1048576K
}
Event: 100.626 GC heap after
{Heap after GC invocations=200 (full 0):
 garbage-first heap   total 119808K, used 113420K [0x0000000080000000, 0x0000000100000000)
  region size 1024K, 1 young (1024K), 1 survivors (1024K)
 Metaspace       used 97959K, capacity 100481K, committed 100608K, reserved 1136640K
  class space    used 12398K, capacity 13301K, committed 13312K, reserved 1048576K
}
Event: 100.795 GC heap before
{Heap before GC invocations=201 (full 0):
 garbage-first heap   total 119808K, used 117516K [0x0000000080000000, 0x0000000100000000)
  region size 1024K, 5 young (5120K), 1 survivors (1024K)
 Metaspace       used 98019K, capacity 100577K, committed 100736K, reserved 1136640K
  class space    used 12405K, capacity 13333K, committed 13440K, reserved 1048576K
}
Event: 100.797 GC heap after
{Heap after GC invocations=202 (full 0):
 garbage-first heap   total 119808K, used 113705K [0x0000000080000000, 0x0000000100000000)
  region size 1024K, 1 young (1024K), 1 survivors (1024K)
 Metaspace       used 98019K, capacity 100577K, committed 100736K, reserved 1136640K
  class space    used 12405K, capacity 13333K, committed 13440K, reserved 1048576K
}
Event: 100.932 GC heap before
{Heap before GC invocations=202 (full 0):
 garbage-first heap   total 119808K, used 117801K [0x0000000080000000, 0x0000000100000000)
  region size 1024K, 5 young (5120K), 1 survivors (1024K)
 Metaspace       used 98114K, capacity 100641K, committed 100992K, reserved 1136640K
  class space    used 12418K, capacity 13333K, committed 13440K, reserved 1048576K
}
Event: 100.934 GC heap after
{Heap after GC invocations=203 (full 0):
 garbage-first heap   total 119808K, used 113971K [0x0000000080000000, 0x0000000100000000)
  region size 1024K, 1 young (1024K), 1 survivors (1024K)
 Metaspace       used 98114K, capacity 100641K, committed 100992K, reserved 1136640K
  class space    used 12418K, capacity 13333K, committed 13440K, reserved 1048576K
}
Event: 101.059 GC heap before
{Heap before GC invocations=203 (full 0):
 garbage-first heap   total 119808K, used 118067K [0x0000000080000000, 0x0000000100000000)
  region size 1024K, 5 young (5120K), 1 survivors (1024K)
 Metaspace       used 98168K, capacity 100707K, committed 100992K, reserved 1136640K
  class space    used 12423K, capacity 13333K, committed 13440K, reserved 1048576K
}
Event: 101.060 GC heap after
{Heap after GC invocations=204 (full 0):
 garbage-first heap   total 119808K, used 114225K [0x0000000080000000, 0x0000000100000000)
  region size 1024K, 1 young (1024K), 1 survivors (1024K)
 Metaspace       used 98168K, capacity 100707K, committed 100992K, reserved 1136640K
  class space    used 12423K, capacity 13333K, committed 13440K, reserved 1048576K
}
Event: 101.134 GC heap before
{Heap before GC invocations=205 (full 0):
 garbage-first heap   total 119808K, used 118321K [0x0000000080000000, 0x0000000100000000)
  region size 1024K, 5 young (5120K), 1 survivors (1024K)
 Metaspace       used 98227K, capacity 100710K, committed 100992K, reserved 1136640K
  class space    used 12429K, capacity 13333K, committed 13440K, reserved 1048576K
}
Event: 101.135 GC heap after
{Heap after GC invocations=206 (full 0):
 garbage-first heap   total 120832K, used 114522K [0x0000000080000000, 0x0000000100000000)
  region size 1024K, 1 young (1024K), 1 survivors (1024K)
 Metaspace       used 98227K, capacity 100710K, committed 100992K, reserved 1136640K
  class space    used 12429K, capacity 13333K, committed 13440K, reserved 1048576K
}
Event: 101.446 GC heap before
{Heap before GC invocations=206 (full 0):
 garbage-first heap   total 120832K, used 118618K [0x0000000080000000, 0x0000000100000000)
  region size 1024K, 5 young (5120K), 1 survivors (1024K)
 Metaspace       used 98505K, capacity 101074K, committed 101248K, reserved 1136640K
  class space    used 12459K, capacity 13368K, committed 13440K, reserved 1048576K
}
Event: 101.450 GC heap after
{Heap after GC invocations=207 (full 0):
 garbage-first heap   total 120832K, used 114684K [0x0000000080000000, 0x0000000100000000)
  region size 1024K, 1 young (1024K), 1 survivors (1024K)
 Metaspace       used 98505K, capacity 101074K, committed 101248K, reserved 1136640K
  class space    used 12459K, capacity 13368K, committed 13440K, reserved 1048576K
}
Event: 101.636 GC heap before
{Heap before GC invocations=208 (full 0):
 garbage-first heap   total 120832K, used 118780K [0x0000000080000000, 0x0000000100000000)
  region size 1024K, 5 young (5120K), 1 survivors (1024K)
 Metaspace       used 98569K, capacity 101131K, committed 101248K, reserved 1136640K
  class space    used 12481K, capacity 13408K, committed 13440K, reserved 1048576K
}
Event: 101.640 GC heap after
{Heap after GC invocations=209 (full 0):
 garbage-first heap   total 120832K, used 115121K [0x0000000080000000, 0x0000000100000000)
  region size 1024K, 1 young (1024K), 1 survivors (1024K)
 Metaspace       used 98569K, capacity 101131K, committed 101248K, reserved 1136640K
  class space    used 12481K, capacity 13408K, committed 13440K, reserved 1048576K
}
Event: 101.668 GC heap before
{Heap before GC invocations=209 (full 0):
 garbage-first heap   total 120832K, used 119217K [0x0000000080000000, 0x0000000100000000)
  region size 1024K, 5 young (5120K), 1 survivors (1024K)
 Metaspace       used 98637K, capacity 101211K, committed 101248K, reserved 1136640K
  class space    used 12491K, capacity 13412K, committed 13440K, reserved 1048576K
}
Event: 101.672 GC heap after
{Heap after GC invocations=210 (full 0):
 garbage-first heap   total 120832K, used 115414K [0x0000000080000000, 0x0000000100000000)
  region size 1024K, 1 young (1024K), 1 survivors (1024K)
 Metaspace       used 98637K, capacity 101211K, committed 101248K, reserved 1136640K
  class space    used 12491K, capacity 13412K, committed 13440K, reserved 1048576K
}
Event: 101.856 GC heap before
{Heap before GC invocations=211 (full 0):
 garbage-first heap   total 120832K, used 119510K [0x0000000080000000, 0x0000000100000000)
  region size 1024K, 5 young (5120K), 1 survivors (1024K)
 Metaspace       used 99276K, capacity 101787K, committed 101888K, reserved 1138688K
  class space    used 12569K, capacity 13476K, committed 13568K, reserved 1048576K
}
Event: 101.859 GC heap after
{Heap after GC invocations=212 (full 0):
 garbage-first heap   total 121856K, used 115824K [0x0000000080000000, 0x0000000100000000)
  region size 1024K, 1 young (1024K), 1 survivors (1024K)
 Metaspace       used 99276K, capacity 101787K, committed 101888K, reserved 1138688K
  class space    used 12569K, capacity 13476K, committed 13568K, reserved 1048576K
}
Event: 102.027 GC heap before
{Heap before GC invocations=212 (full 0):
 garbage-first heap   total 121856K, used 119920K [0x0000000080000000, 0x0000000100000000)
  region size 1024K, 5 young (5120K), 1 survivors (1024K)
 Metaspace       used 99838K, capacity 102363K, committed 102400K, reserved 1138688K
  class space    used 12648K, capacity 13540K, committed 13568K, reserved 1048576K
}
Event: 102.029 GC heap after
{Heap after GC invocations=213 (full 0):
 garbage-first heap   total 121856K, used 115946K [0x0000000080000000, 0x0000000100000000)
  region size 1024K, 1 young (1024K), 1 survivors (1024K)
 Metaspace       used 99838K, capacity 102363K, committed 102400K, reserved 1138688K
  class space    used 12648K, capacity 13540K, committed 13568K, reserved 1048576K
}

Deoptimization events (20 events):
Event: 101.211 Thread 0x000001c25ed65800 DEOPT PACKING pc=0x000001c24e737f08 sp=0x0000005c236fa9e0
Event: 101.211 Thread 0x000001c25ed65800 DEOPT UNPACKING pc=0x000001c2468878af sp=0x0000005c236fa8f8 mode 2
Event: 101.211 Thread 0x000001c25ed65800 Uncommon trap: trap_request=0xffffffc6 fr.pc=0x000001c24e737f08 relative=0x0000000000000148
Event: 101.212 Thread 0x000001c25ed65800 Uncommon trap: reason=bimorphic_or_optimized_type_check action=maybe_recompile pc=0x000001c24e737f08 method=java.util.regex.Pattern$BmpCharPredicate.lambda$union$2(Ljava/util/regex/Pattern$CharPredicate;I)Z @ 12 c2
Event: 101.212 Thread 0x000001c25ed65800 DEOPT PACKING pc=0x000001c24e737f08 sp=0x0000005c236fa880
Event: 101.212 Thread 0x000001c25ed65800 DEOPT UNPACKING pc=0x000001c2468878af sp=0x0000005c236fa798 mode 2
Event: 101.212 Thread 0x000001c25ed65800 Uncommon trap: trap_request=0xffffffc6 fr.pc=0x000001c24e737f08 relative=0x0000000000000148
Event: 101.212 Thread 0x000001c25ed65800 Uncommon trap: reason=bimorphic_or_optimized_type_check action=maybe_recompile pc=0x000001c24e737f08 method=java.util.regex.Pattern$BmpCharPredicate.lambda$union$2(Ljava/util/regex/Pattern$CharPredicate;I)Z @ 12 c2
Event: 101.212 Thread 0x000001c25ed65800 DEOPT PACKING pc=0x000001c24e737f08 sp=0x0000005c236fa880
Event: 101.212 Thread 0x000001c25ed65800 DEOPT UNPACKING pc=0x000001c2468878af sp=0x0000005c236fa798 mode 2
Event: 101.323 Thread 0x000001c25ed65800 Uncommon trap: trap_request=0xffffffd6 fr.pc=0x000001c24e9b00a8 relative=0x0000000000000668
Event: 101.323 Thread 0x000001c25ed65800 Uncommon trap: reason=array_check action=maybe_recompile pc=0x000001c24e9b00a8 method=java.util.TimSort.binarySort([Ljava/lang/Object;IIILjava/util/Comparator;)V @ 215 c2
Event: 101.323 Thread 0x000001c25ed65800 DEOPT PACKING pc=0x000001c24e9b00a8 sp=0x0000005c236f90a0
Event: 101.323 Thread 0x000001c25ed65800 DEOPT UNPACKING pc=0x000001c2468878af sp=0x0000005c236f9048 mode 2
Event: 101.441 Thread 0x000001c25ed65800 Uncommon trap: trap_request=0xffffff4d fr.pc=0x000001c24e75ecf0 relative=0x0000000000000950
Event: 101.441 Thread 0x000001c25ed65800 Uncommon trap: reason=unstable_if action=reinterpret pc=0x000001c24e75ecf0 method=com.sun.beans.introspect.MethodInfo$MethodOrder.compare(Ljava/lang/reflect/Method;Ljava/lang/reflect/Method;)I @ 124 c2
Event: 101.441 Thread 0x000001c25ed65800 DEOPT PACKING pc=0x000001c24e75ecf0 sp=0x0000005c236f7b60
Event: 101.441 Thread 0x000001c25ed65800 DEOPT UNPACKING pc=0x000001c2468878af sp=0x0000005c236f7b00 mode 2
Event: 101.810 Thread 0x000001c25ed65800 DEOPT PACKING pc=0x000001c2483fa8d5 sp=0x0000005c236f79a0
Event: 101.810 Thread 0x000001c25ed65800 DEOPT UNPACKING pc=0x000001c2468876ce sp=0x0000005c236f6ec0 mode 0

Classes redefined (0 events):
No events

Internal exceptions (20 events):
Event: 101.524 Thread 0x000001c25ed65800 Exception <a 'java/lang/ClassNotFoundException'{0x000000008722d6d8}: org/gradle/plugins/ide/idea/model/IdeaModel_DecoratedBeanInfo> (0x000000008722d6d8) thrown at [./src/hotspot/share/classfile/systemDictionary.cpp, line 231]
Event: 101.525 Thread 0x000001c25ed65800 Exception <a 'java/lang/ClassNotFoundException'{0x0000000087251498}: org/gradle/plugins/ide/idea/model/IdeaModelBeanInfo> (0x0000000087251498) thrown at [./src/hotspot/share/classfile/systemDictionary.cpp, line 231]
Event: 101.526 Thread 0x000001c25ed65800 Exception <a 'java/lang/ClassNotFoundException'{0x0000000087275608}: org/gradle/plugins/ide/idea/model/IdeaModelCustomizer> (0x0000000087275608) thrown at [./src/hotspot/share/classfile/systemDictionary.cpp, line 231]
Event: 101.527 Thread 0x000001c25ed65800 Exception <a 'java/lang/ClassNotFoundException'{0x00000000872aba18}: org/gradle/plugins/ide/idea/model/IdeaModel_DecoratedCustomizer> (0x00000000872aba18) thrown at [./src/hotspot/share/classfile/systemDictionary.cpp, line 231]
Event: 101.547 Thread 0x000001c25ed65800 Exception <a 'java/lang/ClassNotFoundException'{0x0000000087101ab0}: org/jetbrains/plugins/gradle/tooling/util/JavaPluginUtilBeanInfo> (0x0000000087101ab0) thrown at [./src/hotspot/share/classfile/systemDictionary.cpp, line 231]
Event: 101.549 Thread 0x000001c25ed65800 Exception <a 'java/lang/ClassNotFoundException'{0x0000000087114418}: org/jetbrains/plugins/gradle/tooling/util/JavaPluginUtilCustomizer> (0x0000000087114418) thrown at [./src/hotspot/share/classfile/systemDictionary.cpp, line 231]
Event: 101.642 Thread 0x000001c25ed65800 Exception <a 'java/lang/ClassNotFoundException'{0x0000000087102ea8}: org/gradle/api/internal/tasks/DefaultTaskContainer_DecoratedBeanInfo> (0x0000000087102ea8) thrown at [./src/hotspot/share/classfile/systemDictionary.cpp, line 231]
Event: 101.643 Thread 0x000001c25ed65800 Exception <a 'java/lang/ClassNotFoundException'{0x000000008711ae08}: org/gradle/api/internal/tasks/DefaultTaskContainerBeanInfo> (0x000000008711ae08) thrown at [./src/hotspot/share/classfile/systemDictionary.cpp, line 231]
Event: 101.643 Thread 0x000001c25ed65800 Exception <a 'java/lang/ClassNotFoundException'{0x0000000087133578}: org/gradle/api/internal/tasks/DefaultTaskCollectionBeanInfo> (0x0000000087133578) thrown at [./src/hotspot/share/classfile/systemDictionary.cpp, line 231]
Event: 101.644 Thread 0x000001c25ed65800 Exception <a 'java/lang/ClassNotFoundException'{0x000000008714bd48}: org/gradle/api/internal/tasks/DefaultTaskCollectionCustomizer> (0x000000008714bd48) thrown at [./src/hotspot/share/classfile/systemDictionary.cpp, line 231]
Event: 101.645 Thread 0x000001c25ed65800 Exception <a 'java/lang/ClassNotFoundException'{0x000000008718e170}: org/gradle/api/internal/tasks/DefaultTaskContainerCustomizer> (0x000000008718e170) thrown at [./src/hotspot/share/classfile/systemDictionary.cpp, line 231]
Event: 101.647 Thread 0x000001c25ed65800 Exception <a 'java/lang/ClassNotFoundException'{0x00000000871f1fd0}: org/gradle/api/internal/tasks/DefaultTaskContainer_DecoratedCustomizer> (0x00000000871f1fd0) thrown at [./src/hotspot/share/classfile/systemDictionary.cpp, line 231]
Event: 101.672 Thread 0x000001c25ed65800 Exception <a 'java/lang/ClassNotFoundException'{0x0000000087304098}: org/gradle/api/tasks/SourceSetBeanInfo> (0x0000000087304098) thrown at [./src/hotspot/share/classfile/systemDictionary.cpp, line 231]
Event: 101.674 Thread 0x000001c25ed65800 Exception <a 'java/lang/ClassNotFoundException'{0x0000000087323f20}: org/gradle/api/tasks/SourceSetCustomizer> (0x0000000087323f20) thrown at [./src/hotspot/share/classfile/systemDictionary.cpp, line 231]
Event: 101.685 Thread 0x000001c25ed65800 Exception <a 'java/lang/ClassNotFoundException'{0x00000000873a13c8}: java/util/LinkedHashMapBeanInfo> (0x00000000873a13c8) thrown at [./src/hotspot/share/classfile/systemDictionary.cpp, line 231]
Event: 101.686 Thread 0x000001c25ed65800 Exception <a 'java/lang/ClassNotFoundException'{0x00000000873ab210}: java/util/HashMapBeanInfo> (0x00000000873ab210) thrown at [./src/hotspot/share/classfile/systemDictionary.cpp, line 231]
Event: 101.692 Thread 0x000001c25ed65800 Exception <a 'java/lang/ClassNotFoundException'{0x00000000873b5628}: java/util/AbstractMapBeanInfo> (0x00000000873b5628) thrown at [./src/hotspot/share/classfile/systemDictionary.cpp, line 231]
Event: 101.693 Thread 0x000001c25ed65800 Exception <a 'java/lang/ClassNotFoundException'{0x00000000873c0858}: java/util/AbstractMapCustomizer> (0x00000000873c0858) thrown at [./src/hotspot/share/classfile/systemDictionary.cpp, line 231]
Event: 101.695 Thread 0x000001c25ed65800 Exception <a 'java/lang/ClassNotFoundException'{0x00000000873d4a78}: java/util/HashMapCustomizer> (0x00000000873d4a78) thrown at [./src/hotspot/share/classfile/systemDictionary.cpp, line 231]
Event: 101.698 Thread 0x000001c25ed65800 Exception <a 'java/lang/ClassNotFoundException'{0x00000000873f7050}: java/util/LinkedHashMapCustomizer> (0x00000000873f7050) thrown at [./src/hotspot/share/classfile/systemDictionary.cpp, line 231]

Events (20 events):
Event: 102.023 loading class org/gradle/kotlin/dsl/tooling/builders/StandardKotlinDslScriptsModel
Event: 102.023 loading class org/gradle/kotlin/dsl/tooling/builders/StandardKotlinDslScriptsModel done
Event: 102.024 loading class org/gradle/kotlin/dsl/tooling/builders/KotlinBuildScriptModelBuilderKt
Event: 102.024 loading class org/gradle/kotlin/dsl/tooling/builders/KotlinBuildScriptModelBuilderKt done
Event: 102.027 loading class org/gradle/tooling/model/kotlin/dsl/KotlinDslScriptModel
Event: 102.027 loading class org/gradle/tooling/model/kotlin/dsl/KotlinDslScriptModel done
Event: 102.027 Executing VM operation: G1CollectForAllocation
Event: 102.029 Executing VM operation: G1CollectForAllocation done
Event: 102.029 loading class org/gradle/tooling/model/kotlin/dsl/EditorReport
Event: 102.029 loading class org/gradle/tooling/model/kotlin/dsl/EditorReport done
Event: 102.030 loading class org/gradle/tooling/model/kotlin/dsl/EditorPosition
Event: 102.030 loading class org/gradle/tooling/model/kotlin/dsl/EditorPosition done
Event: 102.030 loading class org/gradle/tooling/model/kotlin/dsl/EditorReportSeverity
Event: 102.030 loading class org/gradle/tooling/model/kotlin/dsl/EditorReportSeverity done
Event: 102.037 loading class com/android/tools/idea/gradle/model/ndk/v2/IdeNativeModule
Event: 102.037 loading class com/android/tools/idea/gradle/model/ndk/v2/IdeNativeModule done
Event: 102.038 loading class com/android/tools/idea/gradle/model/ndk/v1/IdeNativeAndroidProject
Event: 102.038 loading class com/android/tools/idea/gradle/model/ndk/v1/IdeNativeAndroidProject done
Event: 102.039 loading class com/android/tools/idea/gradle/model/ndk/v1/IdeNativeVariantAbi
Event: 102.039 loading class com/android/tools/idea/gradle/model/ndk/v1/IdeNativeVariantAbi done


Dynamic libraries:
0x00007ff69bd50000 - 0x00007ff69bd5a000 	C:\Program Files\Android\Android Studio\jre\bin\java.exe
0x00007ff96ff20000 - 0x00007ff970127000 	C:\WINDOWS\SYSTEM32\ntdll.dll
0x00007ff96f370000 - 0x00007ff96f42d000 	C:\WINDOWS\System32\KERNEL32.DLL
0x00007ff96d610000 - 0x00007ff96d984000 	C:\WINDOWS\System32\KERNELBASE.dll
0x00007ff96dc90000 - 0x00007ff96dda1000 	C:\WINDOWS\System32\ucrtbase.dll
0x00007ff968260000 - 0x00007ff968277000 	C:\Program Files\Android\Android Studio\jre\bin\VCRUNTIME140.dll
0x00007ff967cc0000 - 0x00007ff967cd9000 	C:\Program Files\Android\Android Studio\jre\bin\jli.dll
0x00007ff96fc00000 - 0x00007ff96fdac000 	C:\WINDOWS\System32\USER32.dll
0x00007ff96da30000 - 0x00007ff96da56000 	C:\WINDOWS\System32\win32u.dll
0x00007ff96c8d0000 - 0x00007ff96cb75000 	C:\WINDOWS\WinSxS\amd64_microsoft.windows.common-controls_6595b64144ccf1df_6.0.22000.120_none_9d947278b86cc467\COMCTL32.dll
0x00007ff96fe30000 - 0x00007ff96fed3000 	C:\WINDOWS\System32\msvcrt.dll
0x00007ff96f920000 - 0x00007ff96f949000 	C:\WINDOWS\System32\GDI32.dll
0x00007ff96d400000 - 0x00007ff96d512000 	C:\WINDOWS\System32\gdi32full.dll
0x00007ff96d990000 - 0x00007ff96da2d000 	C:\WINDOWS\System32\msvcp_win.dll
0x00007ff96eaf0000 - 0x00007ff96eb21000 	C:\WINDOWS\System32\IMM32.DLL
0x00007ff9507f0000 - 0x00007ff95088d000 	C:\Program Files\Android\Android Studio\jre\bin\msvcp140.dll
0x00007ff925930000 - 0x00007ff9263ff000 	C:\Program Files\Android\Android Studio\jre\bin\server\jvm.dll
0x00007ff96fa60000 - 0x00007ff96fb0c000 	C:\WINDOWS\System32\ADVAPI32.dll
0x00007ff96f950000 - 0x00007ff96f9ed000 	C:\WINDOWS\System32\sechost.dll
0x00007ff96ddb0000 - 0x00007ff96ded1000 	C:\WINDOWS\System32\RPCRT4.dll
0x00007ff96e550000 - 0x00007ff96e558000 	C:\WINDOWS\System32\PSAPI.DLL
0x00007ff958300000 - 0x00007ff958309000 	C:\WINDOWS\SYSTEM32\WSOCK32.dll
0x00007ff96b560000 - 0x00007ff96b56a000 	C:\WINDOWS\SYSTEM32\VERSION.dll
0x00007ff967c80000 - 0x00007ff967cb3000 	C:\WINDOWS\SYSTEM32\WINMM.dll
0x00007ff96f9f0000 - 0x00007ff96fa5f000 	C:\WINDOWS\System32\WS2_32.dll
0x00007ff96b620000 - 0x00007ff96b638000 	C:\WINDOWS\SYSTEM32\kernel.appcore.dll
0x00007ff941430000 - 0x00007ff941441000 	C:\Program Files\Android\Android Studio\jre\bin\verify.dll
0x00007ff96ccb0000 - 0x00007ff96ced1000 	C:\WINDOWS\SYSTEM32\DBGHELP.DLL
0x00007ff96cb80000 - 0x00007ff96cbb1000 	C:\WINDOWS\SYSTEM32\dbgcore.DLL
0x00007ff96d520000 - 0x00007ff96d5a0000 	C:\WINDOWS\System32\bcryptPrimitives.dll
0x00007ff925900000 - 0x00007ff925929000 	C:\Program Files\Android\Android Studio\jre\bin\java.dll
0x00007ff956010000 - 0x00007ff95601b000 	C:\Program Files\Android\Android Studio\jre\bin\jimage.dll
0x00007ff940ea0000 - 0x00007ff940eb8000 	C:\Program Files\Android\Android Studio\jre\bin\zip.dll
0x00007ff96eb30000 - 0x00007ff96f2de000 	C:\WINDOWS\System32\SHELL32.dll
0x00007ff96a680000 - 0x00007ff96aee7000 	C:\WINDOWS\SYSTEM32\windows.storage.dll
0x00007ff96e580000 - 0x00007ff96e8f8000 	C:\WINDOWS\System32\combase.dll
0x00007ff96a510000 - 0x00007ff96a676000 	C:\WINDOWS\SYSTEM32\wintypes.dll
0x00007ff96fb10000 - 0x00007ff96fbfa000 	C:\WINDOWS\System32\SHCORE.dll
0x00007ff96e350000 - 0x00007ff96e3ad000 	C:\WINDOWS\System32\shlwapi.dll
0x00007ff96d330000 - 0x00007ff96d351000 	C:\WINDOWS\SYSTEM32\profapi.dll
0x00007ff940cd0000 - 0x00007ff940cea000 	C:\Program Files\Android\Android Studio\jre\bin\net.dll
0x00007ff967020000 - 0x00007ff96712c000 	C:\WINDOWS\SYSTEM32\WINHTTP.dll
0x00007ff96ba30000 - 0x00007ff96ba97000 	C:\WINDOWS\system32\mswsock.dll
0x00007ff93ec50000 - 0x00007ff93ec64000 	C:\Program Files\Android\Android Studio\jre\bin\nio.dll
0x00007ff95cb50000 - 0x00007ff95cb77000 	C:\Users\Theo Aditya\.gradle\native\8bec1ad78214c89d9ad589b4d07fe93259594b29d510b10fafb7a158f7737e5d\windows-amd64\native-platform.dll
0x00007ff940850000 - 0x00007ff94098d000 	C:\Users\Theo Aditya\.gradle\native\53dbd7edfb1c66fb8903c78663c9afc45aea4f116125fa6feffd364cf09443e8\windows-amd64\native-platform-file-events.dll
0x00007ff955740000 - 0x00007ff95574a000 	C:\Program Files\Android\Android Studio\jre\bin\management.dll
0x00007ff955470000 - 0x00007ff95547c000 	C:\Program Files\Android\Android Studio\jre\bin\management_ext.dll
0x00007ff96cfc0000 - 0x00007ff96cfd8000 	C:\WINDOWS\SYSTEM32\CRYPTSP.dll
0x00007ff96b580000 - 0x00007ff96b5b5000 	C:\WINDOWS\system32\rsaenh.dll
0x00007ff96c360000 - 0x00007ff96c389000 	C:\WINDOWS\SYSTEM32\USERENV.dll
0x00007ff96cc80000 - 0x00007ff96cca7000 	C:\WINDOWS\SYSTEM32\bcrypt.dll
0x00007ff96c4b0000 - 0x00007ff96c4bc000 	C:\WINDOWS\SYSTEM32\CRYPTBASE.dll
0x00007ff96b130000 - 0x00007ff96b15d000 	C:\WINDOWS\SYSTEM32\IPHLPAPI.DLL
0x00007ff96e570000 - 0x00007ff96e579000 	C:\WINDOWS\System32\NSI.dll
0x00007ff9671b0000 - 0x00007ff9671c9000 	C:\WINDOWS\SYSTEM32\dhcpcsvc6.DLL
0x00007ff967350000 - 0x00007ff96736e000 	C:\WINDOWS\SYSTEM32\dhcpcsvc.DLL
0x00007ff96b160000 - 0x00007ff96b247000 	C:\WINDOWS\SYSTEM32\DNSAPI.dll

dbghelp: loaded successfully - version: 4.0.5 - missing functions: none
symbol engine: initialized successfully - sym options: 0x614 - pdb path: .;C:\Program Files\Android\Android Studio\jre\bin;C:\WINDOWS\SYSTEM32;C:\WINDOWS\WinSxS\amd64_microsoft.windows.common-controls_6595b64144ccf1df_6.0.22000.120_none_9d947278b86cc467;C:\Program Files\Android\Android Studio\jre\bin\server;C:\Users\Theo Aditya\.gradle\native\8bec1ad78214c89d9ad589b4d07fe93259594b29d510b10fafb7a158f7737e5d\windows-amd64;C:\Users\Theo Aditya\.gradle\native\53dbd7edfb1c66fb8903c78663c9afc45aea4f116125fa6feffd364cf09443e8\windows-amd64

VM Arguments:
jvm_args: --add-opens=java.base/java.util=ALL-UNNAMED --add-opens=java.base/java.lang=ALL-UNNAMED --add-opens=java.base/java.lang.invoke=ALL-UNNAMED --add-opens=java.base/java.util=ALL-UNNAMED --add-opens=java.prefs/java.util.prefs=ALL-UNNAMED --add-opens=java.prefs/java.util.prefs=ALL-UNNAMED --add-opens=java.base/java.nio.charset=ALL-UNNAMED --add-opens=java.base/java.net=ALL-UNNAMED --add-opens=java.base/java.util.concurrent.atomic=ALL-UNNAMED -Xmx2048m -Dfile.encoding=UTF-8 -Duser.country=ID -Duser.language=en -Duser.variant 
java_command: org.gradle.launcher.daemon.bootstrap.GradleDaemon 7.0.2
java_class_path (initial): C:\Users\Theo Aditya\.gradle\wrapper\dists\gradle-7.0.2-bin\857tjihv64xamwrf0h14cai3r\gradle-7.0.2\lib\gradle-launcher-7.0.2.jar
Launcher Type: SUN_STANDARD

[Global flags]
     intx CICompilerCount                          = 4                                         {product} {ergonomic}
     uint ConcGCThreads                            = 2                                         {product} {ergonomic}
     uint G1ConcRefinementThreads                  = 8                                         {product} {ergonomic}
   size_t G1HeapRegionSize                         = 1048576                                   {product} {ergonomic}
    uintx GCDrainStackTargetSize                   = 64                                        {product} {ergonomic}
   size_t InitialHeapSize                          = 100663296                                 {product} {ergonomic}
   size_t MarkStackSize                            = 4194304                                   {product} {ergonomic}
   size_t MaxHeapSize                              = 2147483648                                {product} {command line}
   size_t MaxNewSize                               = 1287651328                                {product} {ergonomic}
   size_t MinHeapDeltaBytes                        = 1048576                                   {product} {ergonomic}
    uintx NonNMethodCodeHeapSize                   = 5836300                                {pd product} {ergonomic}
    uintx NonProfiledCodeHeapSize                  = 122910970                              {pd product} {ergonomic}
    uintx ProfiledCodeHeapSize                     = 122910970                              {pd product} {ergonomic}
    uintx ReservedCodeCacheSize                    = 251658240                              {pd product} {ergonomic}
     bool SegmentedCodeCache                       = true                                      {product} {ergonomic}
     bool UseCompressedClassPointers               = true                                 {lp64_product} {ergonomic}
     bool UseCompressedOops                        = true                                 {lp64_product} {ergonomic}
     bool UseG1GC                                  = true                                      {product} {ergonomic}
     bool UseLargePagesIndividualAllocation        = false                                  {pd product} {ergonomic}

Logging:
Log output configuration:
 #0: stdout all=warning uptime,level,tags
 #1: stderr all=off uptime,level,tags

Environment Variables:
PATH=C:\Program Files (x86)\Common Files\Oracle\Java\javapath;C:\Program Files (x86)\Common Files\Intel\Shared Libraries\redist\intel64\compiler;C:\WINDOWS\system32;C:\WINDOWS;C:\WINDOWS\System32\Wbem;C:\WINDOWS\System32\WindowsPowerShell\v1.0\;C:\WINDOWS\System32\OpenSSH\;";C:\Program Files (x86)\Java\jre1.8.0_271\bin";C:\Program Files\PuTTY\;C:\xampp\php;C:\ProgramData\ComposerSetup\bin;C:\Program Files\Git\cmd;C:\Python\Python\Python37\Scripts\;C:\Python\Python\Python37\;C:\Progam Files\Python\Python37\Scripts\;C:\Progam Files\Python\Python37\;C:\Users\Theo Aditya\AppData\Local\Microsoft\WindowsApps;C:\Users\Theo Aditya\AppData\Roaming\Composer\vendor\bin;C:\Users\Theo Aditya\AppData\Local\GitHubDesktop\bin
USERNAME=DWI SETIYO A
OS=Windows_NT
PROCESSOR_IDENTIFIER=AMD64 Family 23 Model 24 Stepping 1, AuthenticAMD



---------------  S Y S T E M  ---------------

OS: Windows 10 , 64 bit Build 22000 (10.0.22000.318)
OS uptime: 10 days 3:53 hours

CPU:total 8 (initial active 8) (8 cores per cpu, 2 threads per core) family 23 model 24 stepping 1 microcode 0x0, cmov, cx8, fxsr, mmx, sse, sse2, sse3, ssse3, sse4.1, sse4.2, popcnt, avx, avx2, aes, clmul, mmxext, 3dnowpref, lzcnt, sse4a, ht, tsc, tscinvbit, tscinv, bmi1, bmi2, adx, s

Memory: 4k page, system-wide physical 6082M (308M free)
TotalPageFile size 14274M (AvailPageFile size 0M)
current process WorkingSet (physical memory assigned to process): 401M, peak: 401M
current process commit charge ("private bytes"): 438M, peak: 438M

vm_info: OpenJDK 64-Bit Server VM (11.0.10+0-b96-7249189) for windows-amd64 JRE (11.0.10+0-b96-7249189), built on Mar 31 2021 21:44:00 by "builder" with MS VC++ 14.0 (VS2015)

END.
