#
# There is insufficient memory for the Java Runtime Environment to continue.
# Native memory allocation (malloc) failed to allocate 690416 bytes for Chunk::new
# Possible reasons:
#   The system is out of physical RAM or swap space
#   The process is running with CompressedOops enabled, and the Java Heap may be blocking the growth of the native heap
# Possible solutions:
#   Reduce memory load on the system
#   Increase physical memory or swap space
#   Check if swap backing store is full
#   Decrease Java heap size (-Xmx/-Xms)
#   Decrease number of Java threads
#   Decrease Java thread stack sizes (-Xss)
#   Set larger code cache with -XX:ReservedCodeCacheSize=
#   JVM is running with Unscaled Compressed Oops mode in which the Java heap is
#     placed in the first 4GB address space. The Java Heap base address is the
#     maximum limit for the native heap growth. Please use -XX:HeapBaseMinAddress
#     to set the Java Heap base and to place the Java Heap above 4GB virtual address.
# This output file may be truncated or incomplete.
#
#  Out of Memory Error (./src/hotspot/share/memory/arena.cpp:197), pid=2412, tid=2556
#
# JRE version: OpenJDK Runtime Environment (11.0.10) (build 11.0.10+0-b96-7249189)
# Java VM: OpenJDK 64-Bit Server VM (11.0.10+0-b96-7249189, mixed mode, tiered, compressed oops, g1 gc, windows-amd64)
# No core dump will be written. Minidumps are not enabled by default on client versions of Windows
#

---------------  S U M M A R Y ------------

Command Line: --add-opens=java.base/java.util=ALL-UNNAMED --add-opens=java.base/java.lang=ALL-UNNAMED --add-opens=java.base/java.lang.invoke=ALL-UNNAMED --add-opens=java.base/java.util=ALL-UNNAMED --add-opens=java.prefs/java.util.prefs=ALL-UNNAMED --add-opens=java.prefs/java.util.prefs=ALL-UNNAMED --add-opens=java.base/java.nio.charset=ALL-UNNAMED --add-opens=java.base/java.net=ALL-UNNAMED --add-opens=java.base/java.util.concurrent.atomic=ALL-UNNAMED -Xmx2048m -Dfile.encoding=UTF-8 -Duser.country=ID -Duser.language=en -Duser.variant org.gradle.launcher.daemon.bootstrap.GradleDaemon 7.0.2

Host: AMD Ryzen 5 3550H with Radeon Vega Mobile Gfx  , 8 cores, 5G,  Windows 10 , 64 bit Build 22000 (10.0.22000.318)
Time: Sun Dec 12 17:44:39 2021 SE Asia Standard Time elapsed time: 197.551731 seconds (0d 0h 3m 17s)

---------------  T H R E A D  ---------------

Current thread (0x0000024569b50800):  JavaThread "C2 CompilerThread0" daemon [_thread_in_native, id=2556, stack(0x000000b5e1500000,0x000000b5e1600000)]


Current CompileTask:
C2: 197551 3875       4       groovy.lang.MetaClassImpl$1MOPIter::methodNameAction (325 bytes)

Stack: [0x000000b5e1500000,0x000000b5e1600000]
Native frames: (J=compiled Java code, j=interpreted, Vv=VM code, C=native code)
V  [jvm.dll+0x5ecfaa]
V  [jvm.dll+0x722bd5]
V  [jvm.dll+0x72412d]
V  [jvm.dll+0x7247e3]
V  [jvm.dll+0x242928]
V  [jvm.dll+0xbc4fc]
V  [jvm.dll+0xbca0c]
V  [jvm.dll+0x2b4fd4]
V  [jvm.dll+0x506028]
V  [jvm.dll+0x1fc985]
V  [jvm.dll+0x1fa77f]
V  [jvm.dll+0x18354c]
V  [jvm.dll+0x208ee7]
V  [jvm.dll+0x207731]
V  [jvm.dll+0x6eb1cf]
V  [jvm.dll+0x6e3d45]
V  [jvm.dll+0x5ebe96]
C  [ucrtbase.dll+0x26c0c]
C  [KERNEL32.DLL+0x154e0]
C  [ntdll.dll+0x485b]


---------------  P R O C E S S  ---------------

Threads class SMR info:
_java_thread_list=0x000002456f150ad0, length=34, elements={
0x000002454f6bf800, 0x0000024569b27800, 0x0000024569b33000, 0x000002456a4c2800,
0x0000024569b46000, 0x0000024569b47000, 0x0000024569b50800, 0x0000024569b54800,
0x0000024569b57000, 0x000002456a601800, 0x000002456a81c800, 0x000002456bae2800,
0x000002456b1a4800, 0x000002456bd45000, 0x000002456be0e000, 0x000002456bf90000,
0x000002456bfe1800, 0x000002456b74e000, 0x000002456b19c800, 0x000002456b19a000,
0x000002456b19b000, 0x000002456b19c000, 0x000002456b198800, 0x000002456b19d800,
0x000002456b19e800, 0x000002456b19f000, 0x000002456b199800, 0x000002456bc08000,
0x000002456bc0a800, 0x000002456bc07800, 0x000002456bc0a000, 0x000002456bc0b800,
0x000002456bc06800, 0x000002456bc0d000
}

Java Threads: ( => current thread )
  0x000002454f6bf800 JavaThread "main" [_thread_blocked, id=19752, stack(0x000000b5e0900000,0x000000b5e0a00000)]
  0x0000024569b27800 JavaThread "Reference Handler" daemon [_thread_blocked, id=12640, stack(0x000000b5e1000000,0x000000b5e1100000)]
  0x0000024569b33000 JavaThread "Finalizer" daemon [_thread_blocked, id=14184, stack(0x000000b5e1100000,0x000000b5e1200000)]
  0x000002456a4c2800 JavaThread "Signal Dispatcher" daemon [_thread_blocked, id=20076, stack(0x000000b5e1200000,0x000000b5e1300000)]
  0x0000024569b46000 JavaThread "Attach Listener" daemon [_thread_blocked, id=18104, stack(0x000000b5e1300000,0x000000b5e1400000)]
  0x0000024569b47000 JavaThread "Service Thread" daemon [_thread_blocked, id=15972, stack(0x000000b5e1400000,0x000000b5e1500000)]
=>0x0000024569b50800 JavaThread "C2 CompilerThread0" daemon [_thread_in_native, id=2556, stack(0x000000b5e1500000,0x000000b5e1600000)]
  0x0000024569b54800 JavaThread "C1 CompilerThread0" daemon [_thread_in_native, id=13936, stack(0x000000b5e1600000,0x000000b5e1700000)]
  0x0000024569b57000 JavaThread "Sweeper thread" daemon [_thread_blocked, id=13152, stack(0x000000b5e1700000,0x000000b5e1800000)]
  0x000002456a601800 JavaThread "Common-Cleaner" daemon [_thread_blocked, id=4580, stack(0x000000b5e1800000,0x000000b5e1900000)]
  0x000002456a81c800 JavaThread "Daemon health stats" [_thread_blocked, id=17008, stack(0x000000b5e0600000,0x000000b5e0700000)]
  0x000002456bae2800 JavaThread "Incoming local TCP Connector on port 61147" [_thread_in_native, id=17248, stack(0x000000b5e0800000,0x000000b5e0900000)]
  0x000002456b1a4800 JavaThread "Daemon periodic checks" [_thread_blocked, id=14296, stack(0x000000b5e1b00000,0x000000b5e1c00000)]
  0x000002456bd45000 JavaThread "Daemon" [_thread_blocked, id=18348, stack(0x000000b5e1c00000,0x000000b5e1d00000)]
  0x000002456be0e000 JavaThread "Handler for socket connection from /127.0.0.1:61147 to /127.0.0.1:61150" [_thread_in_native, id=2960, stack(0x000000b5e1d00000,0x000000b5e1e00000)]
  0x000002456bf90000 JavaThread "Cancel handler" [_thread_blocked, id=10312, stack(0x000000b5e1e00000,0x000000b5e1f00000)]
  0x000002456bfe1800 JavaThread "Daemon worker" [_thread_in_native, id=13292, stack(0x000000b5e1f00000,0x000000b5e2000000)]
  0x000002456b74e000 JavaThread "Asynchronous log dispatcher for DefaultDaemonConnection: socket connection from /127.0.0.1:61147 to /127.0.0.1:61150" [_thread_blocked, id=5332, stack(0x000000b5e2000000,0x000000b5e2100000)]
  0x000002456b19c800 JavaThread "Daemon client event forwarder" [_thread_blocked, id=4032, stack(0x000000b5e2200000,0x000000b5e2300000)]
  0x000002456b19a000 JavaThread "Cache worker for file hash cache (C:\Users\Theo Aditya\.gradle\caches\7.0.2\fileHashes)" [_thread_blocked, id=18492, stack(0x000000b5e2300000,0x000000b5e2400000)]
  0x000002456b19b000 JavaThread "File lock request listener" [_thread_in_native, id=420, stack(0x000000b5e2400000,0x000000b5e2500000)]
  0x000002456b19c000 JavaThread "Cache worker for journal cache (C:\Users\Theo Aditya\.gradle\caches\journal-1)" [_thread_blocked, id=16604, stack(0x000000b5e2e00000,0x000000b5e2f00000)]
  0x000002456b198800 JavaThread "Cache worker for file hash cache (C:\Users\Theo Aditya\AndroidStudioProjects\GambarInternet\.gradle\7.0.2\fileHashes)" [_thread_blocked, id=17252, stack(0x000000b5e2f00000,0x000000b5e3000000)]
  0x000002456b19d800 JavaThread "File watcher server" daemon [_thread_in_native, id=13448, stack(0x000000b5e3000000,0x000000b5e3100000)]
  0x000002456b19e800 JavaThread "File watcher consumer" daemon [_thread_blocked, id=1004, stack(0x000000b5e3100000,0x000000b5e3200000)]
  0x000002456b19f000 JavaThread "Cache worker for checksums cache (C:\Users\Theo Aditya\AndroidStudioProjects\GambarInternet\.gradle\checksums)" [_thread_blocked, id=1500, stack(0x000000b5e3200000,0x000000b5e3300000)]
  0x000002456b199800 JavaThread "Cache worker for cache directory md-supplier (C:\Users\Theo Aditya\.gradle\caches\7.0.2\md-supplier)" [_thread_blocked, id=4968, stack(0x000000b5e3300000,0x000000b5e3400000)]
  0x000002456bc08000 JavaThread "Cache worker for cache directory md-rule (C:\Users\Theo Aditya\.gradle\caches\7.0.2\md-rule)" [_thread_blocked, id=18256, stack(0x000000b5e0700000,0x000000b5e0800000)]
  0x000002456bc0a800 JavaThread "Cache worker for execution history cache (C:\Users\Theo Aditya\.gradle\caches\7.0.2\executionHistory)" [_thread_blocked, id=3036, stack(0x000000b5e3400000,0x000000b5e3500000)]
  0x000002456bc07800 JavaThread "jar transforms" [_thread_blocked, id=17592, stack(0x000000b5e2100000,0x000000b5e2200000)]
  0x000002456bc0a000 JavaThread "jar transforms Thread 2" [_thread_blocked, id=16504, stack(0x000000b5e3500000,0x000000b5e3600000)]
  0x000002456bc0b800 JavaThread "Cache worker for file content cache (C:\Users\Theo Aditya\.gradle\caches\7.0.2\fileContent)" [_thread_blocked, id=15152, stack(0x000000b5e3600000,0x000000b5e3700000)]
  0x000002456bc06800 JavaThread "Cache worker for dependencies-accessors (C:\Users\Theo Aditya\AndroidStudioProjects\GambarInternet\.gradle\7.0.2\dependencies-accessors)" [_thread_blocked, id=9072, stack(0x000000b5e3700000,0x000000b5e3800000)]
  0x000002456bc0d000 JavaThread "jar transforms Thread 3" [_thread_blocked, id=20096, stack(0x000000b5e2c00000,0x000000b5e2d00000)]

Other Threads:
  0x0000024569b23800 VMThread "VM Thread" [stack: 0x000000b5e0f00000,0x000000b5e1000000] [id=19864]
  0x000002456a60c800 WatcherThread [stack: 0x000000b5e1900000,0x000000b5e1a00000] [id=15968]
  0x000002454f6d7000 GCTaskThread "GC Thread#0" [stack: 0x000000b5e0a00000,0x000000b5e0b00000] [id=7828]
  0x000002456a8cd000 GCTaskThread "GC Thread#1" [stack: 0x000000b5e1a00000,0x000000b5e1b00000] [id=8736]
  0x000002456b98b800 GCTaskThread "GC Thread#2" [stack: 0x000000b5e2500000,0x000000b5e2600000] [id=19196]
  0x000002456b74d000 GCTaskThread "GC Thread#3" [stack: 0x000000b5e2600000,0x000000b5e2700000] [id=19208]
  0x000002456af1c800 GCTaskThread "GC Thread#4" [stack: 0x000000b5e2700000,0x000000b5e2800000] [id=8384]
  0x000002456bbfd000 GCTaskThread "GC Thread#5" [stack: 0x000000b5e2800000,0x000000b5e2900000] [id=16936]
  0x000002456bbfe000 GCTaskThread "GC Thread#6" [stack: 0x000000b5e2900000,0x000000b5e2a00000] [id=20052]
  0x000002456bb6a800 GCTaskThread "GC Thread#7" [stack: 0x000000b5e2a00000,0x000000b5e2b00000] [id=17952]
  0x000002454f70b000 ConcurrentGCThread "G1 Main Marker" [stack: 0x000000b5e0b00000,0x000000b5e0c00000] [id=9312]
  0x000002454f70c000 ConcurrentGCThread "G1 Conc#0" [stack: 0x000000b5e0c00000,0x000000b5e0d00000] [id=15832]
  0x000002456b1d5800 ConcurrentGCThread "G1 Conc#1" [stack: 0x000000b5e2b00000,0x000000b5e2c00000] [id=17916]
  0x000002454f794000 ConcurrentGCThread "G1 Refine#0" [stack: 0x000000b5e0d00000,0x000000b5e0e00000] [id=10196]
  0x000002454f795000 ConcurrentGCThread "G1 Young RemSet Sampling" [stack: 0x000000b5e0e00000,0x000000b5e0f00000] [id=2296]

Threads with active compile tasks:
C2 CompilerThread0 198924 3875       4       groovy.lang.MetaClassImpl$1MOPIter::methodNameAction (325 bytes)
C1 CompilerThread0 198924 3904       3       java.lang.invoke.AbstractValidatingLambdaMetafactory::validateMetafactoryArgs (607 bytes)

VM state:not at safepoint (normal execution)

VM Mutex/Monitor currently owned by a thread: None

Heap address: 0x0000000080000000, size: 2048 MB, Compressed Oops mode: 32-bit
Narrow klass base: 0x0000000000000000, Narrow klass shift: 3
Compressed class space size: 1073741824 Address: 0x0000000100000000

Heap:
 garbage-first heap   total 98304K, used 52351K [0x0000000080000000, 0x0000000100000000)
  region size 1024K, 28 young (28672K), 3 survivors (3072K)
 Metaspace       used 43372K, capacity 44411K, committed 44672K, reserved 1087488K
  class space    used 5533K, capacity 5897K, committed 6016K, reserved 1048576K
Heap Regions: E=young(eden), S=young(survivor), O=old, HS=humongous(starts), HC=humongous(continues), CS=collection set, F=free, A=archive, TAMS=top-at-mark-start (previous, next)
|   0|0x0000000080000000, 0x0000000080100000, 0x0000000080100000|100%| O|  |TAMS 0x0000000080100000, 0x0000000080000000| Untracked 
|   1|0x0000000080100000, 0x0000000080200000, 0x0000000080200000|100%| O|  |TAMS 0x0000000080200000, 0x0000000080100000| Untracked 
|   2|0x0000000080200000, 0x0000000080300000, 0x0000000080300000|100%| O|  |TAMS 0x0000000080300000, 0x0000000080200000| Untracked 
|   3|0x0000000080300000, 0x0000000080400000, 0x0000000080400000|100%|HS|  |TAMS 0x0000000080400000, 0x0000000080300000| Complete 
|   4|0x0000000080400000, 0x0000000080500000, 0x0000000080500000|100%|HC|  |TAMS 0x0000000080500000, 0x0000000080400000| Complete 
|   5|0x0000000080500000, 0x0000000080600000, 0x0000000080600000|100%|HC|  |TAMS 0x0000000080600000, 0x0000000080500000| Complete 
|   6|0x0000000080600000, 0x0000000080700000, 0x0000000080700000|100%| O|  |TAMS 0x0000000080700000, 0x0000000080600000| Untracked 
|   7|0x0000000080700000, 0x0000000080800000, 0x0000000080800000|100%| O|  |TAMS 0x0000000080800000, 0x0000000080700000| Untracked 
|   8|0x0000000080800000, 0x0000000080900000, 0x0000000080900000|100%| O|  |TAMS 0x0000000080900000, 0x0000000080800000| Untracked 
|   9|0x0000000080900000, 0x0000000080a00000, 0x0000000080a00000|100%| O|  |TAMS 0x0000000080a00000, 0x0000000080900000| Untracked 
|  10|0x0000000080a00000, 0x0000000080b00000, 0x0000000080b00000|100%| O|  |TAMS 0x0000000080b00000, 0x0000000080a00000| Untracked 
|  11|0x0000000080b00000, 0x0000000080c00000, 0x0000000080c00000|100%| O|  |TAMS 0x0000000080c00000, 0x0000000080b00000| Untracked 
|  12|0x0000000080c00000, 0x0000000080d00000, 0x0000000080d00000|100%| O|  |TAMS 0x0000000080d00000, 0x0000000080c00000| Untracked 
|  13|0x0000000080d00000, 0x0000000080e00000, 0x0000000080e00000|100%| O|  |TAMS 0x0000000080e00000, 0x0000000080d00000| Untracked 
|  14|0x0000000080e00000, 0x0000000080f00000, 0x0000000080f00000|100%| O|  |TAMS 0x0000000080f00000, 0x0000000080e00000| Untracked 
|  15|0x0000000080f00000, 0x0000000081000000, 0x0000000081000000|100%| O|  |TAMS 0x0000000081000000, 0x0000000080f00000| Untracked 
|  16|0x0000000081000000, 0x0000000081100000, 0x0000000081100000|100%| O|  |TAMS 0x000000008108de00, 0x0000000081000000| Untracked 
|  17|0x0000000081100000, 0x0000000081200000, 0x0000000081200000|100%| O|  |TAMS 0x0000000081100000, 0x0000000081100000| Untracked 
|  18|0x0000000081200000, 0x0000000081300000, 0x0000000081300000|100%| O|  |TAMS 0x0000000081200000, 0x0000000081200000| Untracked 
|  19|0x0000000081300000, 0x0000000081400000, 0x0000000081400000|100%| O|  |TAMS 0x0000000081300000, 0x0000000081300000| Untracked 
|  20|0x0000000081400000, 0x0000000081500000, 0x0000000081500000|100%| O|  |TAMS 0x0000000081400000, 0x0000000081400000| Untracked 
|  21|0x0000000081500000, 0x0000000081600000, 0x0000000081600000|100%| O|  |TAMS 0x0000000081500000, 0x0000000081500000| Untracked 
|  22|0x0000000081600000, 0x0000000081700000, 0x0000000081700000|100%| O|  |TAMS 0x0000000081600000, 0x0000000081600000| Untracked 
|  23|0x0000000081700000, 0x0000000081800000, 0x0000000081800000|100%| O|  |TAMS 0x0000000081700000, 0x0000000081700000| Untracked 
|  24|0x0000000081800000, 0x0000000081887400, 0x0000000081900000| 52%| O|  |TAMS 0x0000000081800000, 0x0000000081800000| Untracked 
|  25|0x0000000081900000, 0x0000000081a00000, 0x0000000081a00000|100%|HS|  |TAMS 0x0000000081900000, 0x0000000081900000| Complete 
|  26|0x0000000081a00000, 0x0000000081a00000, 0x0000000081b00000|  0%| F|  |TAMS 0x0000000081a00000, 0x0000000081a00000| Untracked 
|  27|0x0000000081b00000, 0x0000000081b00000, 0x0000000081c00000|  0%| F|  |TAMS 0x0000000081b00000, 0x0000000081b00000| Untracked 
|  28|0x0000000081c00000, 0x0000000081c00000, 0x0000000081d00000|  0%| F|  |TAMS 0x0000000081c00000, 0x0000000081c00000| Untracked 
|  29|0x0000000081d00000, 0x0000000081d00000, 0x0000000081e00000|  0%| F|  |TAMS 0x0000000081d00000, 0x0000000081d00000| Untracked 
|  30|0x0000000081e00000, 0x0000000081e00000, 0x0000000081f00000|  0%| F|  |TAMS 0x0000000081e00000, 0x0000000081e00000| Untracked 
|  31|0x0000000081f00000, 0x0000000081f00000, 0x0000000082000000|  0%| F|  |TAMS 0x0000000081f00000, 0x0000000081f00000| Untracked 
|  32|0x0000000082000000, 0x0000000082000000, 0x0000000082100000|  0%| F|  |TAMS 0x0000000082000000, 0x0000000082000000| Untracked 
|  33|0x0000000082100000, 0x0000000082100000, 0x0000000082200000|  0%| F|  |TAMS 0x0000000082100000, 0x0000000082100000| Untracked 
|  34|0x0000000082200000, 0x0000000082200000, 0x0000000082300000|  0%| F|  |TAMS 0x0000000082200000, 0x0000000082200000| Untracked 
|  35|0x0000000082300000, 0x0000000082300000, 0x0000000082400000|  0%| F|  |TAMS 0x0000000082300000, 0x0000000082300000| Untracked 
|  36|0x0000000082400000, 0x0000000082400000, 0x0000000082500000|  0%| F|  |TAMS 0x0000000082400000, 0x0000000082400000| Untracked 
|  37|0x0000000082500000, 0x0000000082500000, 0x0000000082600000|  0%| F|  |TAMS 0x0000000082500000, 0x0000000082500000| Untracked 
|  38|0x0000000082600000, 0x0000000082600000, 0x0000000082700000|  0%| F|  |TAMS 0x0000000082600000, 0x0000000082600000| Untracked 
|  39|0x0000000082700000, 0x0000000082700000, 0x0000000082800000|  0%| F|  |TAMS 0x0000000082700000, 0x0000000082700000| Untracked 
|  40|0x0000000082800000, 0x0000000082800000, 0x0000000082900000|  0%| F|  |TAMS 0x0000000082800000, 0x0000000082800000| Untracked 
|  41|0x0000000082900000, 0x0000000082900000, 0x0000000082a00000|  0%| F|  |TAMS 0x0000000082900000, 0x0000000082900000| Untracked 
|  42|0x0000000082a00000, 0x0000000082a00000, 0x0000000082b00000|  0%| F|  |TAMS 0x0000000082a00000, 0x0000000082a00000| Untracked 
|  43|0x0000000082b00000, 0x0000000082b00000, 0x0000000082c00000|  0%| F|  |TAMS 0x0000000082b00000, 0x0000000082b00000| Untracked 
|  44|0x0000000082c00000, 0x0000000082c00000, 0x0000000082d00000|  0%| F|  |TAMS 0x0000000082c00000, 0x0000000082c00000| Untracked 
|  45|0x0000000082d00000, 0x0000000082d00000, 0x0000000082e00000|  0%| F|  |TAMS 0x0000000082d00000, 0x0000000082d00000| Untracked 
|  46|0x0000000082e00000, 0x0000000082e00000, 0x0000000082f00000|  0%| F|  |TAMS 0x0000000082e00000, 0x0000000082e00000| Untracked 
|  47|0x0000000082f00000, 0x0000000082f00000, 0x0000000083000000|  0%| F|  |TAMS 0x0000000082f00000, 0x0000000082f00000| Untracked 
|  48|0x0000000083000000, 0x0000000083000000, 0x0000000083100000|  0%| F|  |TAMS 0x0000000083000000, 0x0000000083000000| Untracked 
|  49|0x0000000083100000, 0x0000000083100000, 0x0000000083200000|  0%| F|  |TAMS 0x0000000083100000, 0x0000000083100000| Untracked 
|  50|0x0000000083200000, 0x0000000083200000, 0x0000000083300000|  0%| F|  |TAMS 0x0000000083200000, 0x0000000083200000| Untracked 
|  51|0x0000000083300000, 0x0000000083300000, 0x0000000083400000|  0%| F|  |TAMS 0x0000000083300000, 0x0000000083300000| Untracked 
|  52|0x0000000083400000, 0x0000000083400000, 0x0000000083500000|  0%| F|  |TAMS 0x0000000083400000, 0x0000000083400000| Untracked 
|  53|0x0000000083500000, 0x0000000083500000, 0x0000000083600000|  0%| F|  |TAMS 0x0000000083500000, 0x0000000083500000| Untracked 
|  54|0x0000000083600000, 0x0000000083600000, 0x0000000083700000|  0%| F|  |TAMS 0x0000000083600000, 0x0000000083600000| Untracked 
|  55|0x0000000083700000, 0x0000000083798800, 0x0000000083800000| 59%| S|CS|TAMS 0x0000000083700000, 0x0000000083700000| Complete 
|  56|0x0000000083800000, 0x0000000083900000, 0x0000000083900000|100%| S|CS|TAMS 0x0000000083800000, 0x0000000083800000| Complete 
|  57|0x0000000083900000, 0x0000000083a00000, 0x0000000083a00000|100%| S|CS|TAMS 0x0000000083900000, 0x0000000083900000| Complete 
|  58|0x0000000083a00000, 0x0000000083a00000, 0x0000000083b00000|  0%| F|  |TAMS 0x0000000083a00000, 0x0000000083a00000| Untracked 
|  59|0x0000000083b00000, 0x0000000083b00000, 0x0000000083c00000|  0%| F|  |TAMS 0x0000000083b00000, 0x0000000083b00000| Untracked 
|  60|0x0000000083c00000, 0x0000000083c00000, 0x0000000083d00000|  0%| F|  |TAMS 0x0000000083c00000, 0x0000000083c00000| Untracked 
|  61|0x0000000083d00000, 0x0000000083d00000, 0x0000000083e00000|  0%| F|  |TAMS 0x0000000083d00000, 0x0000000083d00000| Untracked 
|  62|0x0000000083e00000, 0x0000000083e00000, 0x0000000083f00000|  0%| F|  |TAMS 0x0000000083e00000, 0x0000000083e00000| Untracked 
|  63|0x0000000083f00000, 0x0000000083f00000, 0x0000000084000000|  0%| F|  |TAMS 0x0000000083f00000, 0x0000000083f00000| Untracked 
|  64|0x0000000084000000, 0x0000000084000000, 0x0000000084100000|  0%| F|  |TAMS 0x0000000084000000, 0x0000000084000000| Untracked 
|  65|0x0000000084100000, 0x0000000084100000, 0x0000000084200000|  0%| F|  |TAMS 0x0000000084100000, 0x0000000084100000| Untracked 
|  66|0x0000000084200000, 0x0000000084200000, 0x0000000084300000|  0%| F|  |TAMS 0x0000000084200000, 0x0000000084200000| Untracked 
|  67|0x0000000084300000, 0x0000000084300000, 0x0000000084400000|  0%| F|  |TAMS 0x0000000084300000, 0x0000000084300000| Untracked 
|  68|0x0000000084400000, 0x0000000084400000, 0x0000000084500000|  0%| F|  |TAMS 0x0000000084400000, 0x0000000084400000| Untracked 
|  69|0x0000000084500000, 0x0000000084500000, 0x0000000084600000|  0%| F|  |TAMS 0x0000000084500000, 0x0000000084500000| Untracked 
|  70|0x0000000084600000, 0x0000000084600000, 0x0000000084700000|  0%| F|  |TAMS 0x0000000084600000, 0x0000000084600000| Untracked 
|  71|0x0000000084700000, 0x0000000084795990, 0x0000000084800000| 58%| E|  |TAMS 0x0000000084700000, 0x0000000084700000| Complete 
|  72|0x0000000084800000, 0x0000000084900000, 0x0000000084900000|100%| E|CS|TAMS 0x0000000084800000, 0x0000000084800000| Complete 
|  73|0x0000000084900000, 0x0000000084a00000, 0x0000000084a00000|100%| E|CS|TAMS 0x0000000084900000, 0x0000000084900000| Complete 
|  74|0x0000000084a00000, 0x0000000084b00000, 0x0000000084b00000|100%| E|CS|TAMS 0x0000000084a00000, 0x0000000084a00000| Complete 
|  75|0x0000000084b00000, 0x0000000084c00000, 0x0000000084c00000|100%| E|CS|TAMS 0x0000000084b00000, 0x0000000084b00000| Complete 
|  76|0x0000000084c00000, 0x0000000084d00000, 0x0000000084d00000|100%| E|CS|TAMS 0x0000000084c00000, 0x0000000084c00000| Complete 
|  77|0x0000000084d00000, 0x0000000084e00000, 0x0000000084e00000|100%| E|CS|TAMS 0x0000000084d00000, 0x0000000084d00000| Complete 
|  78|0x0000000084e00000, 0x0000000084f00000, 0x0000000084f00000|100%| E|CS|TAMS 0x0000000084e00000, 0x0000000084e00000| Complete 
|  79|0x0000000084f00000, 0x0000000085000000, 0x0000000085000000|100%| E|CS|TAMS 0x0000000084f00000, 0x0000000084f00000| Complete 
|  80|0x0000000085000000, 0x0000000085100000, 0x0000000085100000|100%| E|CS|TAMS 0x0000000085000000, 0x0000000085000000| Complete 
|  81|0x0000000085100000, 0x0000000085200000, 0x0000000085200000|100%| E|CS|TAMS 0x0000000085100000, 0x0000000085100000| Complete 
|  82|0x0000000085200000, 0x0000000085300000, 0x0000000085300000|100%| E|CS|TAMS 0x0000000085200000, 0x0000000085200000| Complete 
|  83|0x0000000085300000, 0x0000000085400000, 0x0000000085400000|100%| E|CS|TAMS 0x0000000085300000, 0x0000000085300000| Complete 
|  84|0x0000000085400000, 0x0000000085500000, 0x0000000085500000|100%| E|CS|TAMS 0x0000000085400000, 0x0000000085400000| Complete 
|  85|0x0000000085500000, 0x0000000085600000, 0x0000000085600000|100%| E|CS|TAMS 0x0000000085500000, 0x0000000085500000| Complete 
|  86|0x0000000085600000, 0x0000000085700000, 0x0000000085700000|100%| E|CS|TAMS 0x0000000085600000, 0x0000000085600000| Complete 
|  87|0x0000000085700000, 0x00000000857ffbb0, 0x0000000085800000| 99%| E|  |TAMS 0x0000000085700000, 0x0000000085700000| Complete 
|  88|0x0000000085800000, 0x0000000085900000, 0x0000000085900000|100%| E|CS|TAMS 0x0000000085800000, 0x0000000085800000| Complete 
|  89|0x0000000085900000, 0x0000000085a00000, 0x0000000085a00000|100%| E|CS|TAMS 0x0000000085900000, 0x0000000085900000| Complete 
|  90|0x0000000085a00000, 0x0000000085b00000, 0x0000000085b00000|100%| E|CS|TAMS 0x0000000085a00000, 0x0000000085a00000| Complete 
|  91|0x0000000085b00000, 0x0000000085c00000, 0x0000000085c00000|100%| E|CS|TAMS 0x0000000085b00000, 0x0000000085b00000| Complete 
|  92|0x0000000085c00000, 0x0000000085d00000, 0x0000000085d00000|100%| E|CS|TAMS 0x0000000085c00000, 0x0000000085c00000| Complete 
|  93|0x0000000085d00000, 0x0000000085e00000, 0x0000000085e00000|100%| E|CS|TAMS 0x0000000085d00000, 0x0000000085d00000| Complete 
|  94|0x0000000085e00000, 0x0000000085f00000, 0x0000000085f00000|100%| E|CS|TAMS 0x0000000085e00000, 0x0000000085e00000| Complete 
|  95|0x0000000085f00000, 0x0000000086000000, 0x0000000086000000|100%| E|CS|TAMS 0x0000000085f00000, 0x0000000085f00000| Complete 

Card table byte_map: [0x00000245628e0000,0x0000024562ce0000] _byte_map_base: 0x00000245624e0000

Marking Bits (Prev, Next): (CMBitMap*) 0x000002454f702098, (CMBitMap*) 0x000002454f7020d0
 Prev Bits: [0x00000245630e0000, 0x00000245650e0000)
 Next Bits: [0x00000245650e0000, 0x00000245670e0000)

Polling page: 0x000002454d480000

Metaspace:

Usage:
  Non-class:     37.61 MB capacity,    36.95 MB ( 98%) used,   573.95 KB (  1%) free+waste,   100.88 KB ( <1%) overhead. 
      Class:      5.76 MB capacity,     5.40 MB ( 94%) used,   315.16 KB (  5%) free+waste,    48.06 KB ( <1%) overhead. 
       Both:     43.37 MB capacity,    42.36 MB ( 98%) used,   889.10 KB (  2%) free+waste,   148.94 KB ( <1%) overhead. 

Virtual space:
  Non-class space:       38.00 MB reserved,      37.75 MB (>99%) committed 
      Class space:        1.00 GB reserved,       5.88 MB ( <1%) committed 
             Both:        1.04 GB reserved,      43.63 MB (  4%) committed 

Chunk freelists:
   Non-Class:  14.00 KB
       Class:  0 bytes
        Both:  14.00 KB

MaxMetaspaceSize: 17179869184.00 GB
CompressedClassSpaceSize: 1.00 GB

CodeHeap 'non-profiled nmethods': size=120000Kb used=2171Kb max_used=2171Kb free=117828Kb
 bounds [0x000002455ac80000, 0x000002455aef0000, 0x00000245621b0000]
CodeHeap 'profiled nmethods': size=120000Kb used=8341Kb max_used=8341Kb free=111658Kb
 bounds [0x0000024553750000, 0x0000024553f80000, 0x000002455ac80000]
CodeHeap 'non-nmethods': size=5760Kb used=2203Kb max_used=2241Kb free=3556Kb
 bounds [0x00000245531b0000, 0x0000024553420000, 0x0000024553750000]
 total_blobs=4663 nmethods=3894 adapters=680
 compilation: enabled
              stopped_count=0, restarted_count=0
 full_count=0

Compilation events (20 events):
Event: 197.431 Thread 0x0000024569b54800 3885       3       java.util.stream.SpinedBuffer::ensureCapacity (138 bytes)
Event: 197.432 Thread 0x0000024569b54800 nmethod 3885 0x0000024553f62710 code [0x0000024553f629a0, 0x0000024553f63ac8]
Event: 197.432 Thread 0x0000024569b54800 3886       3       java.util.Arrays::sort (47 bytes)
Event: 197.432 Thread 0x0000024569b54800 nmethod 3886 0x0000024553f64010 code [0x0000024553f64200, 0x0000024553f64538]
Event: 197.433 Thread 0x0000024569b54800 3887       3       java.util.ArrayList::sort (45 bytes)
Event: 197.433 Thread 0x0000024569b54800 nmethod 3887 0x0000024553f64690 code [0x0000024553f64860, 0x0000024553f64ab8]
Event: 197.433 Thread 0x0000024569b54800 3888       3       com.sun.beans.util.Cache::getEntryValue (33 bytes)
Event: 197.433 Thread 0x0000024569b54800 nmethod 3888 0x0000024553f64c10 code [0x0000024553f64e00, 0x0000024553f652c8]
Event: 197.433 Thread 0x0000024569b54800 3889       3       java.beans.PropertyDescriptor::setClass0 (25 bytes)
Event: 197.433 Thread 0x0000024569b54800 nmethod 3889 0x0000024553f65490 code [0x0000024553f656e0, 0x0000024553f66178]
Event: 197.433 Thread 0x0000024569b54800 3892  s!   3       java.beans.PropertyDescriptor::getPropertyType (33 bytes)
Event: 197.434 Thread 0x0000024569b54800 nmethod 3892 0x0000024553f66410 code [0x0000024553f66660, 0x0000024553f670c8]
Event: 197.434 Thread 0x0000024569b54800 3890       3       java.beans.PropertyDescriptor::setWriteMethod0 (48 bytes)
Event: 197.435 Thread 0x0000024569b54800 nmethod 3890 0x0000024553f67410 code [0x0000024553f677e0, 0x0000024553f693a8]
Event: 197.435 Thread 0x0000024569b54800 3893       3       org.codehaus.groovy.runtime.metaclass.MetaMethodIndex::getMethods (82 bytes)
Event: 197.435 Thread 0x0000024569b54800 nmethod 3893 0x0000024553f69b10 code [0x0000024553f69d20, 0x0000024553f6a308]
Event: 197.435 Thread 0x0000024569b54800 3891       3       java.util.Arrays::stream (8 bytes)
Event: 197.436 Thread 0x0000024569b54800 nmethod 3891 0x0000024553f6a590 code [0x0000024553f6a7e0, 0x0000024553f6aec8]
Event: 197.439 Thread 0x0000024569b50800 nmethod 3870 0x000002455ae9d490 code [0x000002455ae9d660, 0x000002455ae9e278]
Event: 197.440 Thread 0x0000024569b50800 3875       4       groovy.lang.MetaClassImpl$1MOPIter::methodNameAction (325 bytes)

GC Heap History (16 events):
Event: 28.437 GC heap before
{Heap before GC invocations=0 (full 0):
 garbage-first heap   total 98304K, used 29696K [0x0000000080000000, 0x0000000100000000)
  region size 1024K, 24 young (24576K), 0 survivors (0K)
 Metaspace       used 10192K, capacity 10364K, committed 10624K, reserved 1058816K
  class space    used 1063K, capacity 1140K, committed 1152K, reserved 1048576K
}
Event: 28.446 GC heap after
{Heap after GC invocations=1 (full 0):
 garbage-first heap   total 98304K, used 9232K [0x0000000080000000, 0x0000000100000000)
  region size 1024K, 3 young (3072K), 3 survivors (3072K)
 Metaspace       used 10192K, capacity 10364K, committed 10624K, reserved 1058816K
  class space    used 1063K, capacity 1140K, committed 1152K, reserved 1048576K
}
Event: 90.708 GC heap before
{Heap before GC invocations=1 (full 0):
 garbage-first heap   total 98304K, used 64528K [0x0000000080000000, 0x0000000100000000)
  region size 1024K, 57 young (58368K), 3 survivors (3072K)
 Metaspace       used 13354K, capacity 13691K, committed 13952K, reserved 1060864K
  class space    used 1481K, capacity 1590K, committed 1664K, reserved 1048576K
}
Event: 90.718 GC heap after
{Heap after GC invocations=2 (full 0):
 garbage-first heap   total 98304K, used 14892K [0x0000000080000000, 0x0000000100000000)
  region size 1024K, 8 young (8192K), 8 survivors (8192K)
 Metaspace       used 13354K, capacity 13691K, committed 13952K, reserved 1060864K
  class space    used 1481K, capacity 1590K, committed 1664K, reserved 1048576K
}
Event: 118.481 GC heap before
{Heap before GC invocations=2 (full 0):
 garbage-first heap   total 98304K, used 56876K [0x0000000080000000, 0x0000000100000000)
  region size 1024K, 50 young (51200K), 8 survivors (8192K)
 Metaspace       used 20630K, capacity 21128K, committed 21248K, reserved 1067008K
  class space    used 2511K, capacity 2721K, committed 2816K, reserved 1048576K
}
Event: 118.489 GC heap after
{Heap after GC invocations=3 (full 0):
 garbage-first heap   total 98304K, used 17362K [0x0000000080000000, 0x0000000100000000)
  region size 1024K, 3 young (3072K), 3 survivors (3072K)
 Metaspace       used 20630K, capacity 21128K, committed 21248K, reserved 1067008K
  class space    used 2511K, capacity 2721K, committed 2816K, reserved 1048576K
}
Event: 143.313 GC heap before
{Heap before GC invocations=4 (full 0):
 garbage-first heap   total 98304K, used 64466K [0x0000000080000000, 0x0000000100000000)
  region size 1024K, 49 young (50176K), 3 survivors (3072K)
 Metaspace       used 25421K, capacity 26011K, committed 26112K, reserved 1071104K
  class space    used 3294K, capacity 3521K, committed 3584K, reserved 1048576K
}
Event: 143.316 GC heap after
{Heap after GC invocations=5 (full 0):
 garbage-first heap   total 98304K, used 18893K [0x0000000080000000, 0x0000000100000000)
  region size 1024K, 4 young (4096K), 4 survivors (4096K)
 Metaspace       used 25421K, capacity 26011K, committed 26112K, reserved 1071104K
  class space    used 3294K, capacity 3521K, committed 3584K, reserved 1048576K
}
Event: 157.419 GC heap before
{Heap before GC invocations=5 (full 0):
 garbage-first heap   total 98304K, used 68045K [0x0000000080000000, 0x0000000100000000)
  region size 1024K, 52 young (53248K), 4 survivors (4096K)
 Metaspace       used 30311K, capacity 30977K, committed 31232K, reserved 1077248K
  class space    used 4055K, capacity 4305K, committed 4352K, reserved 1048576K
}
Event: 157.423 GC heap after
{Heap after GC invocations=6 (full 0):
 garbage-first heap   total 98304K, used 20262K [0x0000000080000000, 0x0000000100000000)
  region size 1024K, 5 young (5120K), 5 survivors (5120K)
 Metaspace       used 30311K, capacity 30977K, committed 31232K, reserved 1077248K
  class space    used 4055K, capacity 4305K, committed 4352K, reserved 1048576K
}
Event: 164.752 GC heap before
{Heap before GC invocations=6 (full 0):
 garbage-first heap   total 98304K, used 33574K [0x0000000080000000, 0x0000000100000000)
  region size 1024K, 19 young (19456K), 5 survivors (5120K)
 Metaspace       used 34778K, capacity 35622K, committed 35840K, reserved 1081344K
  class space    used 4531K, capacity 4833K, committed 4864K, reserved 1048576K
}
Event: 164.761 GC heap after
{Heap after GC invocations=7 (full 0):
 garbage-first heap   total 98304K, used 22613K [0x0000000080000000, 0x0000000100000000)
  region size 1024K, 6 young (6144K), 6 survivors (6144K)
 Metaspace       used 34778K, capacity 35622K, committed 35840K, reserved 1081344K
  class space    used 4531K, capacity 4833K, committed 4864K, reserved 1048576K
}
Event: 182.315 GC heap before
{Heap before GC invocations=8 (full 0):
 garbage-first heap   total 98304K, used 63573K [0x0000000080000000, 0x0000000100000000)
  region size 1024K, 44 young (45056K), 6 survivors (6144K)
 Metaspace       used 38107K, capacity 39040K, committed 39296K, reserved 1083392K
  class space    used 4850K, capacity 5177K, committed 5248K, reserved 1048576K
}
Event: 182.322 GC heap after
{Heap after GC invocations=9 (full 0):
 garbage-first heap   total 98304K, used 25877K [0x0000000080000000, 0x0000000100000000)
  region size 1024K, 6 young (6144K), 6 survivors (6144K)
 Metaspace       used 38107K, capacity 39040K, committed 39296K, reserved 1083392K
  class space    used 4850K, capacity 5177K, committed 5248K, reserved 1048576K
}
Event: 190.497 GC heap before
{Heap before GC invocations=9 (full 0):
 garbage-first heap   total 98304K, used 64789K [0x0000000080000000, 0x0000000100000000)
  region size 1024K, 44 young (45056K), 6 survivors (6144K)
 Metaspace       used 40783K, capacity 41725K, committed 41984K, reserved 1085440K
  class space    used 5253K, capacity 5598K, committed 5632K, reserved 1048576K
}
Event: 190.503 GC heap after
{Heap after GC invocations=10 (full 0):
 garbage-first heap   total 98304K, used 27775K [0x0000000080000000, 0x0000000100000000)
  region size 1024K, 3 young (3072K), 3 survivors (3072K)
 Metaspace       used 40783K, capacity 41725K, committed 41984K, reserved 1085440K
  class space    used 5253K, capacity 5598K, committed 5632K, reserved 1048576K
}

Deoptimization events (20 events):
Event: 190.586 Thread 0x000002456bfe1800 Uncommon trap: trap_request=0xffffff4d fr.pc=0x000002455ae34bf0 relative=0x0000000000000310
Event: 190.586 Thread 0x000002456bfe1800 Uncommon trap: reason=unstable_if action=reinterpret pc=0x000002455ae34bf0 method=org.gradle.internal.reflect.PropertyAccessorType.isGetGetterName(Ljava/lang/String;)Z @ 14 c2
Event: 190.586 Thread 0x000002456bfe1800 DEOPT PACKING pc=0x000002455ae34bf0 sp=0x000000b5e1ff9bb0
Event: 190.586 Thread 0x000002456bfe1800 DEOPT UNPACKING pc=0x00000245531d78af sp=0x000000b5e1ff9b08 mode 2
Event: 190.687 Thread 0x000002456bfe1800 Uncommon trap: trap_request=0xffffff4d fr.pc=0x000002455adbae08 relative=0x00000000000000e8
Event: 190.687 Thread 0x000002456bfe1800 Uncommon trap: reason=unstable_if action=reinterpret pc=0x000002455adbae08 method=org.objectweb.asm.ByteVector.putShort(I)Lorg/objectweb/asm/ByteVector; @ 13 c2
Event: 190.687 Thread 0x000002456bfe1800 DEOPT PACKING pc=0x000002455adbae08 sp=0x000000b5e1ff9770
Event: 190.687 Thread 0x000002456bfe1800 DEOPT UNPACKING pc=0x00000245531d78af sp=0x000000b5e1ff9708 mode 2
Event: 190.704 Thread 0x000002456bfe1800 Uncommon trap: trap_request=0xffffff4d fr.pc=0x000002455adf303c relative=0x0000000000001abc
Event: 190.704 Thread 0x000002456bfe1800 Uncommon trap: reason=unstable_if action=reinterpret pc=0x000002455adf303c method=java.util.concurrent.ConcurrentHashMap.computeIfAbsent(Ljava/lang/Object;Ljava/util/function/Function;)Ljava/lang/Object; @ 123 c2
Event: 190.704 Thread 0x000002456bfe1800 DEOPT PACKING pc=0x000002455adf303c sp=0x000000b5e1ffac50
Event: 190.704 Thread 0x000002456bfe1800 DEOPT UNPACKING pc=0x00000245531d78af sp=0x000000b5e1ffabf0 mode 2
Event: 191.245 Thread 0x000002456bfe1800 DEOPT PACKING pc=0x0000024553c70479 sp=0x000000b5e1ffaa00
Event: 191.245 Thread 0x000002456bfe1800 DEOPT UNPACKING pc=0x00000245531d76ce sp=0x000000b5e1ff9ec8 mode 0
Event: 192.158 Thread 0x000002456bfe1800 DEOPT PACKING pc=0x0000024553e35af4 sp=0x000000b5e1ffa290
Event: 192.158 Thread 0x000002456bfe1800 DEOPT UNPACKING pc=0x00000245531d76ce sp=0x000000b5e1ff9830 mode 0
Event: 195.064 Thread 0x000002456b19a000 Uncommon trap: trap_request=0xffffffc6 fr.pc=0x000002455ae33308 relative=0x00000000000007e8
Event: 195.064 Thread 0x000002456b19a000 Uncommon trap: reason=bimorphic_or_optimized_type_check action=maybe_recompile pc=0x000002455ae33308 method=java.io.BufferedInputStream.read([BII)I @ 101 c2
Event: 195.064 Thread 0x000002456b19a000 DEOPT PACKING pc=0x000002455ae33308 sp=0x000000b5e23fe2e0
Event: 195.064 Thread 0x000002456b19a000 DEOPT UNPACKING pc=0x00000245531d78af sp=0x000000b5e23fe298 mode 2

Classes redefined (0 events):
No events

Internal exceptions (20 events):
Event: 183.483 Thread 0x000002456bfe1800 Exception <a 'java/lang/ClassNotFoundException'{0x00000000851470a8}: org/gradle/api/internal/DefaultNamedDomainObjectCollectionCustomizer> (0x00000000851470a8) thrown at [./src/hotspot/share/classfile/systemDictionary.cpp, line 231]
Event: 183.527 Thread 0x000002456bfe1800 Exception <a 'java/lang/ClassNotFoundException'{0x00000000851bf960}: org/gradle/api/internal/DefaultNamedDomainObjectListCustomizer> (0x00000000851bf960) thrown at [./src/hotspot/share/classfile/systemDictionary.cpp, line 231]
Event: 183.529 Thread 0x000002456bfe1800 Exception <a 'java/lang/ClassNotFoundException'{0x00000000850149b8}: org/gradle/api/internal/artifacts/DefaultArtifactRepositoryContainerCustomizer> (0x00000000850149b8) thrown at [./src/hotspot/share/classfile/systemDictionary.cpp, line 231]
Event: 183.531 Thread 0x000002456bfe1800 Exception <a 'java/lang/ClassNotFoundException'{0x000000008505eb50}: org/gradle/api/internal/artifacts/dsl/DefaultRepositoryHandlerCustomizer> (0x000000008505eb50) thrown at [./src/hotspot/share/classfile/systemDictionary.cpp, line 231]
Event: 183.534 Thread 0x000002456bfe1800 Exception <a 'java/lang/ClassNotFoundException'{0x00000000850bbee8}: org/gradle/api/internal/artifacts/dsl/DefaultRepositoryHandler_DecoratedCustomizer> (0x00000000850bbee8) thrown at [./src/hotspot/share/classfile/systemDictionary.cpp, line 231]
Event: 183.922 Thread 0x000002456bfe1800 Exception <a 'java/lang/ClassNotFoundException'{0x0000000084bb89d0}: org/gradle/initialization/DefaultProjectDescriptorBeanInfo> (0x0000000084bb89d0) thrown at [./src/hotspot/share/classfile/systemDictionary.cpp, line 231]
Event: 183.922 Thread 0x000002456bfe1800 Exception <a 'java/lang/ClassNotFoundException'{0x0000000084bddb08}: org/gradle/initialization/DefaultProjectDescriptorCustomizer> (0x0000000084bddb08) thrown at [./src/hotspot/share/classfile/systemDictionary.cpp, line 231]
Event: 183.937 Thread 0x000002456bfe1800 Implicit null exception at 0x000002455adc956c to 0x000002455adc9614
Event: 189.937 Thread 0x000002456b19c800 Exception <a 'java/lang/NoSuchMethodError'{0x00000000840843e8}: <clinit>> (0x00000000840843e8) thrown at [./src/hotspot/share/prims/jni.cpp, line 1362]
Event: 189.937 Thread 0x000002456b19c800 Exception <a 'java/lang/NoSuchMethodError'{0x00000000840859d8}: <clinit>> (0x00000000840859d8) thrown at [./src/hotspot/share/prims/jni.cpp, line 1362]
Event: 189.939 Thread 0x000002456b19c800 Exception <a 'java/lang/NoSuchMethodError'{0x0000000084094740}: <clinit>> (0x0000000084094740) thrown at [./src/hotspot/share/prims/jni.cpp, line 1362]
Event: 189.939 Thread 0x000002456b19c800 Exception <a 'java/lang/NoSuchMethodError'{0x0000000084096590}: <clinit>> (0x0000000084096590) thrown at [./src/hotspot/share/prims/jni.cpp, line 1362]
Event: 189.940 Thread 0x000002456b19c800 Exception <a 'java/lang/NoSuchMethodError'{0x00000000840a5950}: <clinit>> (0x00000000840a5950) thrown at [./src/hotspot/share/prims/jni.cpp, line 1362]
Event: 190.584 Thread 0x000002456bfe1800 Implicit null exception at 0x000002455acca5f8 to 0x000002455acca68a
Event: 197.419 Thread 0x000002456bfe1800 Exception <a 'java/lang/ClassNotFoundException'{0x0000000085341828}: build_7ojjv77evx3hilaf0xv30w6mzBeanInfo> (0x0000000085341828) thrown at [./src/hotspot/share/classfile/systemDictionary.cpp, line 231]
Event: 197.419 Thread 0x000002456bfe1800 Exception <a 'java/lang/ClassNotFoundException'{0x0000000085357670}: org/gradle/api/internal/project/ProjectScriptBeanInfo> (0x0000000085357670) thrown at [./src/hotspot/share/classfile/systemDictionary.cpp, line 231]
Event: 197.420 Thread 0x000002456bfe1800 Exception <a 'java/lang/ClassNotFoundException'{0x000000008536d688}: org/gradle/api/internal/project/ProjectScriptCustomizer> (0x000000008536d688) thrown at [./src/hotspot/share/classfile/systemDictionary.cpp, line 231]
Event: 197.421 Thread 0x000002456bfe1800 Exception <a 'java/lang/ClassNotFoundException'{0x0000000085388af8}: build_7ojjv77evx3hilaf0xv30w6mzCustomizer> (0x0000000085388af8) thrown at [./src/hotspot/share/classfile/systemDictionary.cpp, line 231]
Event: 197.432 Thread 0x000002456bfe1800 Exception <a 'java/lang/ClassNotFoundException'{0x000000008521a608}: org/gradle/api/internal/initialization/DefaultScriptHandlerBeanInfo> (0x000000008521a608) thrown at [./src/hotspot/share/classfile/systemDictionary.cpp, line 231]
Event: 197.432 Thread 0x000002456bfe1800 Exception <a 'java/lang/ClassNotFoundException'{0x00000000852435c0}: org/gradle/api/internal/initialization/DefaultScriptHandlerCustomizer> (0x00000000852435c0) thrown at [./src/hotspot/share/classfile/systemDictionary.cpp, line 231]

Events (20 events):
Event: 197.431 loading class org/gradle/api/internal/initialization/DefaultScriptHandlerBeanInfo
Event: 197.431 loading class org/gradle/api/internal/initialization/DefaultScriptHandlerBeanInfo done
Event: 197.431 loading class org/gradle/api/internal/initialization/DefaultScriptHandlerBeanInfo
Event: 197.431 loading class org/gradle/api/internal/initialization/DefaultScriptHandlerBeanInfo done
Event: 197.431 loading class org/gradle/api/internal/initialization/DefaultScriptHandlerBeanInfo
Event: 197.431 loading class org/gradle/api/internal/initialization/DefaultScriptHandlerBeanInfo done
Event: 197.432 loading class org/gradle/api/internal/initialization/DefaultScriptHandlerBeanInfo
Event: 197.432 loading class org/gradle/api/internal/initialization/DefaultScriptHandlerBeanInfo done
Event: 197.432 loading class org/gradle/api/internal/initialization/DefaultScriptHandlerCustomizer
Event: 197.432 loading class org/gradle/api/internal/initialization/DefaultScriptHandlerCustomizer done
Event: 197.432 loading class org/gradle/api/internal/initialization/DefaultScriptHandlerCustomizer
Event: 197.432 loading class org/gradle/api/internal/initialization/DefaultScriptHandlerCustomizer done
Event: 197.432 loading class org/gradle/api/internal/initialization/DefaultScriptHandlerCustomizer
Event: 197.432 loading class org/gradle/api/internal/initialization/DefaultScriptHandlerCustomizer done
Event: 197.432 loading class org/gradle/api/internal/initialization/DefaultScriptHandlerCustomizer
Event: 197.432 loading class org/gradle/api/internal/initialization/DefaultScriptHandlerCustomizer done
Event: 197.435 loading class groovy/runtime/metaclass/build_7ojjv77evx3hilaf0xv30w6mz$_run_closure1$_closure3MetaClass
Event: 197.435 loading class groovy/runtime/metaclass/build_7ojjv77evx3hilaf0xv30w6mz$_run_closure1$_closure3MetaClass done
Event: 197.435 loading class org/gradle/api/internal/artifacts/configurations/DefaultConfiguration
Event: 197.435 loading class org/gradle/api/internal/artifacts/configurations/DefaultConfiguration done


Dynamic libraries:
0x00007ff785dc0000 - 0x00007ff785dca000 	C:\Program Files\Android\Android Studio\jre\bin\java.exe
0x00007ff96ff20000 - 0x00007ff970127000 	C:\WINDOWS\SYSTEM32\ntdll.dll
0x00007ff96f370000 - 0x00007ff96f42d000 	C:\WINDOWS\System32\KERNEL32.DLL
0x00007ff96d610000 - 0x00007ff96d984000 	C:\WINDOWS\System32\KERNELBASE.dll
0x00007ff96dc90000 - 0x00007ff96dda1000 	C:\WINDOWS\System32\ucrtbase.dll
0x00007ff9682e0000 - 0x00007ff9682f7000 	C:\Program Files\Android\Android Studio\jre\bin\VCRUNTIME140.dll
0x00007ff968260000 - 0x00007ff968279000 	C:\Program Files\Android\Android Studio\jre\bin\jli.dll
0x00007ff96fc00000 - 0x00007ff96fdac000 	C:\WINDOWS\System32\USER32.dll
0x00007ff96c8d0000 - 0x00007ff96cb75000 	C:\WINDOWS\WinSxS\amd64_microsoft.windows.common-controls_6595b64144ccf1df_6.0.22000.120_none_9d947278b86cc467\COMCTL32.dll
0x00007ff96da30000 - 0x00007ff96da56000 	C:\WINDOWS\System32\win32u.dll
0x00007ff96fe30000 - 0x00007ff96fed3000 	C:\WINDOWS\System32\msvcrt.dll
0x00007ff96f920000 - 0x00007ff96f949000 	C:\WINDOWS\System32\GDI32.dll
0x00007ff96d400000 - 0x00007ff96d512000 	C:\WINDOWS\System32\gdi32full.dll
0x00007ff96d990000 - 0x00007ff96da2d000 	C:\WINDOWS\System32\msvcp_win.dll
0x00007ff96eaf0000 - 0x00007ff96eb21000 	C:\WINDOWS\System32\IMM32.DLL
0x00007ff94eef0000 - 0x00007ff94ef8d000 	C:\Program Files\Android\Android Studio\jre\bin\msvcp140.dll
0x00007ff925930000 - 0x00007ff9263ff000 	C:\Program Files\Android\Android Studio\jre\bin\server\jvm.dll
0x00007ff96fa60000 - 0x00007ff96fb0c000 	C:\WINDOWS\System32\ADVAPI32.dll
0x00007ff96f950000 - 0x00007ff96f9ed000 	C:\WINDOWS\System32\sechost.dll
0x00007ff96ddb0000 - 0x00007ff96ded1000 	C:\WINDOWS\System32\RPCRT4.dll
0x00007ff96e550000 - 0x00007ff96e558000 	C:\WINDOWS\System32\PSAPI.DLL
0x00007ff967c80000 - 0x00007ff967cb3000 	C:\WINDOWS\SYSTEM32\WINMM.dll
0x00007ff96b560000 - 0x00007ff96b56a000 	C:\WINDOWS\SYSTEM32\VERSION.dll
0x00007ff958300000 - 0x00007ff958309000 	C:\WINDOWS\SYSTEM32\WSOCK32.dll
0x00007ff96f9f0000 - 0x00007ff96fa5f000 	C:\WINDOWS\System32\WS2_32.dll
0x00007ff96b620000 - 0x00007ff96b638000 	C:\WINDOWS\SYSTEM32\kernel.appcore.dll
0x00007ff941430000 - 0x00007ff941441000 	C:\Program Files\Android\Android Studio\jre\bin\verify.dll
0x00007ff96ccb0000 - 0x00007ff96ced1000 	C:\WINDOWS\SYSTEM32\DBGHELP.DLL
0x00007ff96cb80000 - 0x00007ff96cbb1000 	C:\WINDOWS\SYSTEM32\dbgcore.DLL
0x00007ff96d520000 - 0x00007ff96d5a0000 	C:\WINDOWS\System32\bcryptPrimitives.dll
0x00007ff925900000 - 0x00007ff925929000 	C:\Program Files\Android\Android Studio\jre\bin\java.dll
0x00007ff956010000 - 0x00007ff95601b000 	C:\Program Files\Android\Android Studio\jre\bin\jimage.dll
0x00007ff940ea0000 - 0x00007ff940eb8000 	C:\Program Files\Android\Android Studio\jre\bin\zip.dll
0x00007ff96eb30000 - 0x00007ff96f2de000 	C:\WINDOWS\System32\SHELL32.dll
0x00007ff96a680000 - 0x00007ff96aee7000 	C:\WINDOWS\SYSTEM32\windows.storage.dll
0x00007ff96e580000 - 0x00007ff96e8f8000 	C:\WINDOWS\System32\combase.dll
0x00007ff96a510000 - 0x00007ff96a676000 	C:\WINDOWS\SYSTEM32\wintypes.dll
0x00007ff96fb10000 - 0x00007ff96fbfa000 	C:\WINDOWS\System32\SHCORE.dll
0x00007ff96e350000 - 0x00007ff96e3ad000 	C:\WINDOWS\System32\shlwapi.dll
0x00007ff96d330000 - 0x00007ff96d351000 	C:\WINDOWS\SYSTEM32\profapi.dll
0x00007ff940cd0000 - 0x00007ff940cea000 	C:\Program Files\Android\Android Studio\jre\bin\net.dll
0x00007ff967020000 - 0x00007ff96712c000 	C:\WINDOWS\SYSTEM32\WINHTTP.dll
0x00007ff96ba30000 - 0x00007ff96ba97000 	C:\WINDOWS\system32\mswsock.dll
0x00007ff93ec50000 - 0x00007ff93ec64000 	C:\Program Files\Android\Android Studio\jre\bin\nio.dll
0x00007ff95cb50000 - 0x00007ff95cb77000 	C:\Users\Theo Aditya\.gradle\native\8bec1ad78214c89d9ad589b4d07fe93259594b29d510b10fafb7a158f7737e5d\windows-amd64\native-platform.dll
0x00007ff940850000 - 0x00007ff94098d000 	C:\Users\Theo Aditya\.gradle\native\53dbd7edfb1c66fb8903c78663c9afc45aea4f116125fa6feffd364cf09443e8\windows-amd64\native-platform-file-events.dll
0x00007ff955740000 - 0x00007ff95574a000 	C:\Program Files\Android\Android Studio\jre\bin\management.dll
0x00007ff955470000 - 0x00007ff95547c000 	C:\Program Files\Android\Android Studio\jre\bin\management_ext.dll
0x00007ff96cfc0000 - 0x00007ff96cfd8000 	C:\WINDOWS\SYSTEM32\CRYPTSP.dll
0x00007ff96b580000 - 0x00007ff96b5b5000 	C:\WINDOWS\system32\rsaenh.dll
0x00007ff96c360000 - 0x00007ff96c389000 	C:\WINDOWS\SYSTEM32\USERENV.dll
0x00007ff96cc80000 - 0x00007ff96cca7000 	C:\WINDOWS\SYSTEM32\bcrypt.dll
0x00007ff96c4b0000 - 0x00007ff96c4bc000 	C:\WINDOWS\SYSTEM32\CRYPTBASE.dll
0x00007ff96b130000 - 0x00007ff96b15d000 	C:\WINDOWS\SYSTEM32\IPHLPAPI.DLL
0x00007ff96e570000 - 0x00007ff96e579000 	C:\WINDOWS\System32\NSI.dll
0x00007ff9671b0000 - 0x00007ff9671c9000 	C:\WINDOWS\SYSTEM32\dhcpcsvc6.DLL
0x00007ff967350000 - 0x00007ff96736e000 	C:\WINDOWS\SYSTEM32\dhcpcsvc.DLL
0x00007ff96b160000 - 0x00007ff96b247000 	C:\WINDOWS\SYSTEM32\DNSAPI.dll

dbghelp: loaded successfully - version: 4.0.5 - missing functions: none
symbol engine: initialized successfully - sym options: 0x614 - pdb path: .;C:\Program Files\Android\Android Studio\jre\bin;C:\WINDOWS\SYSTEM32;C:\WINDOWS\WinSxS\amd64_microsoft.windows.common-controls_6595b64144ccf1df_6.0.22000.120_none_9d947278b86cc467;C:\Program Files\Android\Android Studio\jre\bin\server;C:\Users\Theo Aditya\.gradle\native\8bec1ad78214c89d9ad589b4d07fe93259594b29d510b10fafb7a158f7737e5d\windows-amd64;C:\Users\Theo Aditya\.gradle\native\53dbd7edfb1c66fb8903c78663c9afc45aea4f116125fa6feffd364cf09443e8\windows-amd64

VM Arguments:
jvm_args: --add-opens=java.base/java.util=ALL-UNNAMED --add-opens=java.base/java.lang=ALL-UNNAMED --add-opens=java.base/java.lang.invoke=ALL-UNNAMED --add-opens=java.base/java.util=ALL-UNNAMED --add-opens=java.prefs/java.util.prefs=ALL-UNNAMED --add-opens=java.prefs/java.util.prefs=ALL-UNNAMED --add-opens=java.base/java.nio.charset=ALL-UNNAMED --add-opens=java.base/java.net=ALL-UNNAMED --add-opens=java.base/java.util.concurrent.atomic=ALL-UNNAMED -Xmx2048m -Dfile.encoding=UTF-8 -Duser.country=ID -Duser.language=en -Duser.variant 
java_command: org.gradle.launcher.daemon.bootstrap.GradleDaemon 7.0.2
java_class_path (initial): C:\Users\Theo Aditya\.gradle\wrapper\dists\gradle-7.0.2-bin\857tjihv64xamwrf0h14cai3r\gradle-7.0.2\lib\gradle-launcher-7.0.2.jar
Launcher Type: SUN_STANDARD

[Global flags]
     intx CICompilerCount                          = 4                                         {product} {ergonomic}
     uint ConcGCThreads                            = 2                                         {product} {ergonomic}
     uint G1ConcRefinementThreads                  = 8                                         {product} {ergonomic}
   size_t G1HeapRegionSize                         = 1048576                                   {product} {ergonomic}
    uintx GCDrainStackTargetSize                   = 64                                        {product} {ergonomic}
   size_t InitialHeapSize                          = 100663296                                 {product} {ergonomic}
   size_t MarkStackSize                            = 4194304                                   {product} {ergonomic}
   size_t MaxHeapSize                              = 2147483648                                {product} {command line}
   size_t MaxNewSize                               = 1287651328                                {product} {ergonomic}
   size_t MinHeapDeltaBytes                        = 1048576                                   {product} {ergonomic}
    uintx NonNMethodCodeHeapSize                   = 5836300                                {pd product} {ergonomic}
    uintx NonProfiledCodeHeapSize                  = 122910970                              {pd product} {ergonomic}
    uintx ProfiledCodeHeapSize                     = 122910970                              {pd product} {ergonomic}
    uintx ReservedCodeCacheSize                    = 251658240                              {pd product} {ergonomic}
     bool SegmentedCodeCache                       = true                                      {product} {ergonomic}
     bool UseCompressedClassPointers               = true                                 {lp64_product} {ergonomic}
     bool UseCompressedOops                        = true                                 {lp64_product} {ergonomic}
     bool UseG1GC                                  = true                                      {product} {ergonomic}
     bool UseLargePagesIndividualAllocation        = false                                  {pd product} {ergonomic}

Logging:
Log output configuration:
 #0: stdout all=warning uptime,level,tags
 #1: stderr all=off uptime,level,tags

Environment Variables:
PATH=C:\Program Files (x86)\Common Files\Oracle\Java\javapath;C:\Program Files (x86)\Common Files\Intel\Shared Libraries\redist\intel64\compiler;C:\WINDOWS\system32;C:\WINDOWS;C:\WINDOWS\System32\Wbem;C:\WINDOWS\System32\WindowsPowerShell\v1.0\;C:\WINDOWS\System32\OpenSSH\;";C:\Program Files (x86)\Java\jre1.8.0_271\bin";C:\Program Files\PuTTY\;C:\xampp\php;C:\ProgramData\ComposerSetup\bin;C:\Program Files\Git\cmd;C:\Python\Python\Python37\Scripts\;C:\Python\Python\Python37\;C:\Progam Files\Python\Python37\Scripts\;C:\Progam Files\Python\Python37\;C:\Users\Theo Aditya\AppData\Local\Microsoft\WindowsApps;C:\Users\Theo Aditya\AppData\Roaming\Composer\vendor\bin;C:\Users\Theo Aditya\AppData\Local\GitHubDesktop\bin
USERNAME=DWI SETIYO A
OS=Windows_NT
PROCESSOR_IDENTIFIER=AMD64 Family 23 Model 24 Stepping 1, AuthenticAMD



---------------  S Y S T E M  ---------------

OS: Windows 10 , 64 bit Build 22000 (10.0.22000.318)
OS uptime: 10 days 3:46 hours

CPU:total 8 (initial active 8) (8 cores per cpu, 2 threads per core) family 23 model 24 stepping 1 microcode 0x0, cmov, cx8, fxsr, mmx, sse, sse2, sse3, ssse3, sse4.1, sse4.2, popcnt, avx, avx2, aes, clmul, mmxext, 3dnowpref, lzcnt, sse4a, ht, tsc, tscinvbit, tscinv, bmi1, bmi2, adx, s

Memory: 4k page, system-wide physical 6082M (263M free)
TotalPageFile size 14274M (AvailPageFile size 3M)
current process WorkingSet (physical memory assigned to process): 216M, peak: 226M
current process commit charge ("private bytes"): 260M, peak: 270M

vm_info: OpenJDK 64-Bit Server VM (11.0.10+0-b96-7249189) for windows-amd64 JRE (11.0.10+0-b96-7249189), built on Mar 31 2021 21:44:00 by "builder" with MS VC++ 14.0 (VS2015)

END.
